<log>
 <error level="error" id="err_pp_file_not_found" file="D:\New folder (2)\PowerToys-1\src\modules\fancyzones\tests\UnitTests/pch.h" line="12" col="10" msg="&apos;winrt\base.h&apos; file not found" />
 <error level="error" id="err_pp_file_not_found" file="D:\New folder (2)\PowerToys-1\src\modules\fancyzones\lib\pch.h" line="6" col="10" msg="&apos;winrt/base.h&apos; file not found" />
 <error level="warning" id="warn_doc_param_not_found" file="D:\New folder (2)\PowerToys-1\packages\Microsoft.Windows.ImplementationLibrary.1.0.190716.2\include\wil/common.h" line="654" col="12" msg="parameter &apos;val&apos; not found in the function declaration" />
 <error level="warning" id="warn_doc_tparam_not_found" file="D:\New folder (2)\PowerToys-1\packages\Microsoft.Windows.ImplementationLibrary.1.0.190716.2\include\wil\resource.h" line="908" col="13" msg="template parameter &apos;ValueType:&apos; not found in the template declaration" />
 <error level="warning" id="warn_doc_tparam_not_found" file="D:\New folder (2)\PowerToys-1\packages\Microsoft.Windows.ImplementationLibrary.1.0.190716.2\include\wil\resource.h" line="909" col="13" msg="template parameter &apos;ArrayDeleter:&apos; not found in the template declaration" />
 <error level="warning" id="warn_doc_tparam_not_found" file="D:\New folder (2)\PowerToys-1\packages\Microsoft.Windows.ImplementationLibrary.1.0.190716.2\include\wil\resource.h" line="910" col="13" msg="template parameter &apos;ElementDeleter:&apos; not found in the template declaration" />
 <error level="error" id="err_pp_file_not_found" file="D:\New folder (2)\PowerToys-1\src\modules\fancyzones\tests\UnitTests/pch.h" line="15" col="10" msg="&apos;CppUnitTest.h&apos; file not found" />
 <error level="error" id="err_pp_file_not_found" file="D:\New folder (2)\PowerToys-1\src\common/json.h" line="3" col="10" msg="&apos;winrt/Windows.Foundation.h&apos; file not found" />
 <error level="error" id="err_pp_file_not_found" file="D:\New folder (2)\PowerToys-1\src\common/json.h" line="4" col="10" msg="&apos;winrt/Windows.Data.Json.h&apos; file not found" />
 <error level="error" id="err_no_member" file="D:\New folder (2)\PowerToys-1\src\modules\fancyzones\tests\UnitTests\FancyZonesSettings.Spec.cpp" line="9" col="28" msg="no member named &apos;VisualStudio&apos; in namespace &apos;Microsoft&apos;" />
 <error level="error" id="err_undeclared_var_use" file="D:\New folder (2)\PowerToys-1\src\modules\fancyzones\tests\UnitTests\FancyZonesSettings.Spec.cpp" line="15" col="9" msg="use of undeclared identifier &apos;Assert&apos;" />
 <error level="error" id="err_undeclared_var_use" file="D:\New folder (2)\PowerToys-1\src\modules\fancyzones\tests\UnitTests\FancyZonesSettings.Spec.cpp" line="16" col="9" msg="use of undeclared identifier &apos;Assert&apos;" />
 <error level="error" id="err_undeclared_var_use" file="D:\New folder (2)\PowerToys-1\src\modules\fancyzones\tests\UnitTests\FancyZonesSettings.Spec.cpp" line="17" col="9" msg="use of undeclared identifier &apos;Assert&apos;" />
 <error level="error" id="err_undeclared_var_use" file="D:\New folder (2)\PowerToys-1\src\modules\fancyzones\tests\UnitTests\FancyZonesSettings.Spec.cpp" line="18" col="9" msg="use of undeclared identifier &apos;Assert&apos;" />
 <error level="error" id="err_undeclared_var_use" file="D:\New folder (2)\PowerToys-1\src\modules\fancyzones\tests\UnitTests\FancyZonesSettings.Spec.cpp" line="22" col="9" msg="use of undeclared identifier &apos;Assert&apos;" />
 <error level="error" id="err_undeclared_var_use" file="D:\New folder (2)\PowerToys-1\src\modules\fancyzones\tests\UnitTests\FancyZonesSettings.Spec.cpp" line="23" col="9" msg="use of undeclared identifier &apos;Assert&apos;" />
 <error level="error" id="err_undeclared_var_use" file="D:\New folder (2)\PowerToys-1\src\modules\fancyzones\tests\UnitTests\FancyZonesSettings.Spec.cpp" line="24" col="9" msg="use of undeclared identifier &apos;Assert&apos;" />
 <error level="warning" id="warn_missing_prototype" file="D:\New folder (2)\PowerToys-1\src\modules\fancyzones\tests\UnitTests\FancyZonesSettings.Spec.cpp" line="13" col="10" msg="no previous prototype for function &apos;compareHotkeyObjects&apos;" />
 <error level="error" id="err_undeclared_var_use" file="D:\New folder (2)\PowerToys-1\src\modules\fancyzones\tests\UnitTests\FancyZonesSettings.Spec.cpp" line="29" col="9" msg="use of undeclared identifier &apos;Assert&apos;" />
 <error level="error" id="err_undeclared_var_use" file="D:\New folder (2)\PowerToys-1\src\modules\fancyzones\tests\UnitTests\FancyZonesSettings.Spec.cpp" line="30" col="9" msg="use of undeclared identifier &apos;Assert&apos;" />
 <error level="error" id="err_undeclared_var_use" file="D:\New folder (2)\PowerToys-1\src\modules\fancyzones\tests\UnitTests\FancyZonesSettings.Spec.cpp" line="31" col="9" msg="use of undeclared identifier &apos;Assert&apos;" />
 <error level="error" id="err_undeclared_var_use" file="D:\New folder (2)\PowerToys-1\src\modules\fancyzones\tests\UnitTests\FancyZonesSettings.Spec.cpp" line="32" col="9" msg="use of undeclared identifier &apos;Assert&apos;" />
 <error level="error" id="err_undeclared_var_use" file="D:\New folder (2)\PowerToys-1\src\modules\fancyzones\tests\UnitTests\FancyZonesSettings.Spec.cpp" line="33" col="9" msg="use of undeclared identifier &apos;Assert&apos;" />
 <error level="error" id="err_undeclared_var_use" file="D:\New folder (2)\PowerToys-1\src\modules\fancyzones\tests\UnitTests\FancyZonesSettings.Spec.cpp" line="34" col="9" msg="use of undeclared identifier &apos;Assert&apos;" />
 <error level="error" id="err_undeclared_var_use" file="D:\New folder (2)\PowerToys-1\src\modules\fancyzones\tests\UnitTests\FancyZonesSettings.Spec.cpp" line="35" col="9" msg="use of undeclared identifier &apos;Assert&apos;" />
 <error level="error" id="err_undeclared_var_use" file="D:\New folder (2)\PowerToys-1\src\modules\fancyzones\tests\UnitTests\FancyZonesSettings.Spec.cpp" line="36" col="9" msg="use of undeclared identifier &apos;Assert&apos;" />
 <error level="error" id="err_undeclared_var_use" file="D:\New folder (2)\PowerToys-1\src\modules\fancyzones\tests\UnitTests\FancyZonesSettings.Spec.cpp" line="37" col="9" msg="use of undeclared identifier &apos;Assert&apos;" />
 <error level="error" id="err_undeclared_var_use" file="D:\New folder (2)\PowerToys-1\src\modules\fancyzones\tests\UnitTests\FancyZonesSettings.Spec.cpp" line="38" col="9" msg="use of undeclared identifier &apos;Assert&apos;" />
 <error level="error" id="err_undeclared_var_use" file="D:\New folder (2)\PowerToys-1\src\modules\fancyzones\tests\UnitTests\FancyZonesSettings.Spec.cpp" line="39" col="9" msg="use of undeclared identifier &apos;Assert&apos;" />
 <error level="error" id="err_undeclared_var_use" file="D:\New folder (2)\PowerToys-1\src\modules\fancyzones\tests\UnitTests\FancyZonesSettings.Spec.cpp" line="40" col="9" msg="use of undeclared identifier &apos;Assert&apos;" />
 <error level="error" id="err_undeclared_var_use" file="D:\New folder (2)\PowerToys-1\src\modules\fancyzones\tests\UnitTests\FancyZonesSettings.Spec.cpp" line="41" col="9" msg="use of undeclared identifier &apos;Assert&apos;" />
 <error level="error" id="err_undeclared_var_use" file="D:\New folder (2)\PowerToys-1\src\modules\fancyzones\tests\UnitTests\FancyZonesSettings.Spec.cpp" line="42" col="9" msg="use of undeclared identifier &apos;Assert&apos;" />
 <error level="error" id="err_undeclared_var_use" file="D:\New folder (2)\PowerToys-1\src\modules\fancyzones\tests\UnitTests\FancyZonesSettings.Spec.cpp" line="43" col="9" msg="use of undeclared identifier &apos;Assert&apos;" />
 <error level="error" id="err_undeclared_var_use" file="D:\New folder (2)\PowerToys-1\src\modules\fancyzones\tests\UnitTests\FancyZonesSettings.Spec.cpp" line="44" col="9" msg="use of undeclared identifier &apos;Assert&apos;" />
 <error level="error" id="err_undeclared_var_use" file="D:\New folder (2)\PowerToys-1\src\modules\fancyzones\tests\UnitTests\FancyZonesSettings.Spec.cpp" line="47" col="13" msg="use of undeclared identifier &apos;Assert&apos;" />
 <error level="warning" id="warn_missing_prototype" file="D:\New folder (2)\PowerToys-1\src\modules\fancyzones\tests\UnitTests\FancyZonesSettings.Spec.cpp" line="27" col="10" msg="no previous prototype for function &apos;compareSettings&apos;" />
 <error level="warning" id="warn_mixed_sign_comparison" file="D:\New folder (2)\PowerToys-1\src\modules\fancyzones\tests\UnitTests\FancyZonesSettings.Spec.cpp" line="45" col="27" msg="comparison of integers of different signs: &apos;int&apos; and &apos;size_type&apos; (aka &apos;unsigned long long&apos;)" />
 <error level="warning" id="warn_redundant_parens_around_declarator" file="D:\New folder (2)\PowerToys-1\src\modules\fancyzones\tests\UnitTests\FancyZonesSettings.Spec.cpp" line="53" col="16" msg="redundant parentheses surrounding declarator" />
 <error level="warning" id="warn_cxx98_compat_generalized_initializer_lists" file="D:\New folder (2)\PowerToys-1\src\modules\fancyzones\tests\UnitTests\FancyZonesSettings.Spec.cpp" line="54" col="5" msg="generalized initializer lists are incompatible with C++98" />
 <error level="error" id="err_unexpected_typedef" file="D:\New folder (2)\PowerToys-1\src\modules\fancyzones\tests\UnitTests\FancyZonesSettings.Spec.cpp" line="55" col="9" msg="unexpected type name &apos;HINSTANCE&apos;: expected expression" />
 <error level="warning" id="warn_redundant_parens_around_declarator" file="D:\New folder (2)\PowerToys-1\src\modules\fancyzones\tests\UnitTests\FancyZonesSettings.Spec.cpp" line="359" col="16" msg="redundant parentheses surrounding declarator" />
 <error level="warning" id="warn_cxx98_compat_generalized_initializer_lists" file="D:\New folder (2)\PowerToys-1\src\modules\fancyzones\tests\UnitTests\FancyZonesSettings.Spec.cpp" line="360" col="5" msg="generalized initializer lists are incompatible with C++98" />
 <error level="error" id="err_no_member" file="D:\New folder (2)\PowerToys-1\src\modules\fancyzones\tests\UnitTests\FancyZonesSettings.Spec.cpp" line="361" col="16" msg="no member named &apos;com_ptr&apos; in namespace &apos;winrt&apos;" />
 <error level="error" id="err_ref_non_value" file="D:\New folder (2)\PowerToys-1\src\modules\fancyzones\tests\UnitTests\FancyZonesSettings.Spec.cpp" line="361" col="24" msg="&apos;IFancyZonesSettings&apos; does not refer to a value" />
 <error level="error" id="err_undeclared_var_use" file="D:\New folder (2)\PowerToys-1\src\modules\fancyzones\tests\UnitTests\FancyZonesSettings.Spec.cpp" line="361" col="45" msg="use of undeclared identifier &apos;m_settings&apos;" />
 <error level="warning" id="warn_cxx98_compat_nullptr" file="D:\New folder (2)\PowerToys-1\src\modules\fancyzones\tests\UnitTests\FancyZonesSettings.Spec.cpp" line="361" col="58" msg="&apos;nullptr&apos; is incompatible with C++98" />
 <error level="warning" id="warn_redundant_parens_around_declarator" file="D:\New folder (2)\PowerToys-1\src\modules\fancyzones\tests\UnitTests\FancyZonesSettings.Spec.cpp" line="528" col="16" msg="redundant parentheses surrounding declarator" />
 <error level="warning" id="warn_cxx98_compat_generalized_initializer_lists" file="D:\New folder (2)\PowerToys-1\src\modules\fancyzones\tests\UnitTests\FancyZonesSettings.Spec.cpp" line="529" col="5" msg="generalized initializer lists are incompatible with C++98" />
 <error level="error" id="err_no_member" file="D:\New folder (2)\PowerToys-1\src\modules\fancyzones\tests\UnitTests\FancyZonesSettings.Spec.cpp" line="530" col="16" msg="no member named &apos;com_ptr&apos; in namespace &apos;winrt&apos;" />
 <error level="error" id="err_ref_non_value" file="D:\New folder (2)\PowerToys-1\src\modules\fancyzones\tests\UnitTests\FancyZonesSettings.Spec.cpp" line="530" col="24" msg="&apos;IFancyZonesSettings&apos; does not refer to a value" />
 <error level="error" id="err_undeclared_var_use" file="D:\New folder (2)\PowerToys-1\src\modules\fancyzones\tests\UnitTests\FancyZonesSettings.Spec.cpp" line="530" col="45" msg="use of undeclared identifier &apos;m_settings&apos;" />
 <error level="warning" id="warn_cxx98_compat_nullptr" file="D:\New folder (2)\PowerToys-1\src\modules\fancyzones\tests\UnitTests\FancyZonesSettings.Spec.cpp" line="530" col="58" msg="&apos;nullptr&apos; is incompatible with C++98" />
 <error level="warning" id="warn_cxx98_compat_no_newline_eof" file="D:\New folder (2)\PowerToys-1\src\modules\fancyzones\tests\UnitTests\FancyZonesSettings.Spec.cpp" line="705" col="2" msg="C++98 requires newline at end of file" />
</log>