<log>
 <error level="error" id="err_pp_file_not_found" file="D:\New folder (2)\PowerToys-1\src\modules\fancyzones\tests\UnitTests/pch.h" line="12" col="10" msg="&apos;winrt\base.h&apos; file not found" />
 <error level="error" id="err_pp_file_not_found" file="D:\New folder (2)\PowerToys-1\src\modules\fancyzones\lib\pch.h" line="6" col="10" msg="&apos;winrt/base.h&apos; file not found" />
 <error level="warning" id="warn_doc_param_not_found" file="D:\New folder (2)\PowerToys-1\packages\Microsoft.Windows.ImplementationLibrary.1.0.190716.2\include\wil/common.h" line="654" col="12" msg="parameter &apos;val&apos; not found in the function declaration" />
 <error level="warning" id="warn_doc_tparam_not_found" file="D:\New folder (2)\PowerToys-1\packages\Microsoft.Windows.ImplementationLibrary.1.0.190716.2\include\wil\resource.h" line="908" col="13" msg="template parameter &apos;ValueType:&apos; not found in the template declaration" />
 <error level="warning" id="warn_doc_tparam_not_found" file="D:\New folder (2)\PowerToys-1\packages\Microsoft.Windows.ImplementationLibrary.1.0.190716.2\include\wil\resource.h" line="909" col="13" msg="template parameter &apos;ArrayDeleter:&apos; not found in the template declaration" />
 <error level="warning" id="warn_doc_tparam_not_found" file="D:\New folder (2)\PowerToys-1\packages\Microsoft.Windows.ImplementationLibrary.1.0.190716.2\include\wil\resource.h" line="910" col="13" msg="template parameter &apos;ElementDeleter:&apos; not found in the template declaration" />
 <error level="error" id="err_pp_file_not_found" file="D:\New folder (2)\PowerToys-1\src\modules\fancyzones\tests\UnitTests/pch.h" line="15" col="10" msg="&apos;CppUnitTest.h&apos; file not found" />
 <error level="error" id="err_pp_file_not_found" file="D:\New folder (2)\PowerToys-1\src\common/json.h" line="3" col="10" msg="&apos;winrt/Windows.Foundation.h&apos; file not found" />
 <error level="error" id="err_pp_file_not_found" file="D:\New folder (2)\PowerToys-1\src\common/json.h" line="4" col="10" msg="&apos;winrt/Windows.Data.Json.h&apos; file not found" />
 <error level="warning" id="pp_nonportable_path" file="D:\New folder (2)\PowerToys-1\src\modules\fancyzones\tests\UnitTests\JsonHelpers.Tests.cpp" line="6" col="10" msg="non-portable path to file &apos;&quot;Util.h&quot;&apos;; specified path differs in case from file name on disk" />
 <error level="error" id="err_pp_file_not_found" file="D:\New folder (2)\PowerToys-1\src\modules\fancyzones\tests\UnitTests\JsonHelpers.Tests.cpp" line="8" col="10" msg="&apos;CppUnitTestLogger.h&apos; file not found" />
 <error level="error" id="err_no_member" file="D:\New folder (2)\PowerToys-1\src\modules\fancyzones\tests\UnitTests\JsonHelpers.Tests.cpp" line="11" col="28" msg="no member named &apos;VisualStudio&apos; in namespace &apos;Microsoft&apos;" />
 <error level="warning" id="warn_cxx98_compat_auto_type_specifier" file="D:\New folder (2)\PowerToys-1\src\modules\fancyzones\tests\UnitTests\JsonHelpers.Tests.cpp" line="17" col="9" msg="&apos;auto&apos; type specifier is incompatible with C++98" />
 <error level="warning" id="warn_cxx98_compat_auto_type_specifier" file="D:\New folder (2)\PowerToys-1\src\modules\fancyzones\tests\UnitTests\JsonHelpers.Tests.cpp" line="20" col="19" msg="&apos;auto&apos; type specifier is incompatible with C++98" />
 <error level="error" id="err_undeclared_var_use" file="D:\New folder (2)\PowerToys-1\src\modules\fancyzones\tests\UnitTests\JsonHelpers.Tests.cpp" line="21" col="13" msg="use of undeclared identifier &apos;Assert&apos;" />
 <error level="error" id="err_undeclared_var_use_suggest" file="D:\New folder (2)\PowerToys-1\src\modules\fancyzones\tests\UnitTests\JsonHelpers.Tests.cpp" line="28" col="34" msg="use of undeclared identifier &apos;expectedJson&apos;; did you mean &apos;expected&apos;?" />
 <error level="error" id="err_expected_semi_after_expr" file="D:\New folder (2)\PowerToys-1\src\modules\fancyzones\tests\UnitTests\JsonHelpers.Tests.cpp" line="28" col="33" msg="expected &apos;;&apos; after expression" />
 <error level="error" id="err_no_member" file="D:\New folder (2)\PowerToys-1\src\modules\fancyzones\tests\UnitTests\JsonHelpers.Tests.cpp" line="28" col="23" msg="no member named &apos;JsonObject&apos; in namespace &apos;json&apos;" />
 <error level="error" id="err_no_member" file="D:\New folder (2)\PowerToys-1\src\modules\fancyzones\tests\UnitTests\JsonHelpers.Tests.cpp" line="29" col="27" msg="no member named &apos;JsonObject&apos; in namespace &apos;json&apos;" />
 <error level="error" id="err_undeclared_var_use" file="D:\New folder (2)\PowerToys-1\src\modules\fancyzones\tests\UnitTests\JsonHelpers.Tests.cpp" line="29" col="69" msg="use of undeclared identifier &apos;expectedJson&apos;" />
 <error level="error" id="err_no_member" file="D:\New folder (2)\PowerToys-1\src\modules\fancyzones\tests\UnitTests\JsonHelpers.Tests.cpp" line="32" col="31" msg="no member named &apos;JsonObject&apos; in namespace &apos;json&apos;" />
 <error level="error" id="err_undeclared_var_use" file="D:\New folder (2)\PowerToys-1\src\modules\fancyzones\tests\UnitTests\JsonHelpers.Tests.cpp" line="34" col="44" msg="use of undeclared identifier &apos;expectedJson&apos;" />
 <error level="error" id="err_undeclared_var_use" file="D:\New folder (2)\PowerToys-1\src\modules\fancyzones\tests\UnitTests\JsonHelpers.Tests.cpp" line="38" col="25" msg="use of undeclared identifier &apos;Assert&apos;" />
 <error level="error" id="err_undeclared_var_use" file="D:\New folder (2)\PowerToys-1\src\modules\fancyzones\tests\UnitTests\JsonHelpers.Tests.cpp" line="43" col="21" msg="use of undeclared identifier &apos;Assert&apos;" />
 <error level="error" id="err_undeclared_var_use" file="D:\New folder (2)\PowerToys-1\src\modules\fancyzones\tests\UnitTests\JsonHelpers.Tests.cpp" line="48" col="17" msg="use of undeclared identifier &apos;Assert&apos;" />
 <error level="warning" id="warn_redundant_parens_around_declarator" file="D:\New folder (2)\PowerToys-1\src\modules\fancyzones\tests\UnitTests\JsonHelpers.Tests.cpp" line="55" col="16" msg="redundant parentheses surrounding declarator" />
 <error level="warning" id="warn_cxx98_compat_generalized_initializer_lists" file="D:\New folder (2)\PowerToys-1\src\modules\fancyzones\tests\UnitTests\JsonHelpers.Tests.cpp" line="56" col="5" msg="generalized initializer lists are incompatible with C++98" />
 <error level="error" id="err_undeclared_var_use" file="D:\New folder (2)\PowerToys-1\src\modules\fancyzones\tests\UnitTests\JsonHelpers.Tests.cpp" line="57" col="22" msg="use of undeclared identifier &apos;GuidValid&apos;" />
 <error level="warning" id="warn_redundant_parens_around_declarator" file="D:\New folder (2)\PowerToys-1\src\modules\fancyzones\tests\UnitTests\JsonHelpers.Tests.cpp" line="141" col="16" msg="redundant parentheses surrounding declarator" />
 <error level="warning" id="warn_cxx98_compat_generalized_initializer_lists" file="D:\New folder (2)\PowerToys-1\src\modules\fancyzones\tests\UnitTests\JsonHelpers.Tests.cpp" line="142" col="5" msg="generalized initializer lists are incompatible with C++98" />
 <error level="error" id="err_undeclared_var_use" file="D:\New folder (2)\PowerToys-1\src\modules\fancyzones\tests\UnitTests\JsonHelpers.Tests.cpp" line="143" col="22" msg="use of undeclared identifier &apos;ZoneSetLayoutTypeToString&apos;" />
 <error level="warning" id="warn_redundant_parens_around_declarator" file="D:\New folder (2)\PowerToys-1\src\modules\fancyzones\tests\UnitTests\JsonHelpers.Tests.cpp" line="204" col="16" msg="redundant parentheses surrounding declarator" />
 <error level="warning" id="warn_cxx98_compat_generalized_initializer_lists" file="D:\New folder (2)\PowerToys-1\src\modules\fancyzones\tests\UnitTests\JsonHelpers.Tests.cpp" line="205" col="5" msg="generalized initializer lists are incompatible with C++98" />
 <error level="error" id="err_no_member" file="D:\New folder (2)\PowerToys-1\src\modules\fancyzones\tests\UnitTests\JsonHelpers.Tests.cpp" line="206" col="15" msg="no member named &apos;JsonObject&apos; in namespace &apos;json&apos;" />
 <error level="warning" id="warn_redundant_parens_around_declarator" file="D:\New folder (2)\PowerToys-1\src\modules\fancyzones\tests\UnitTests\JsonHelpers.Tests.cpp" line="266" col="16" msg="redundant parentheses surrounding declarator" />
 <error level="warning" id="warn_cxx98_compat_generalized_initializer_lists" file="D:\New folder (2)\PowerToys-1\src\modules\fancyzones\tests\UnitTests\JsonHelpers.Tests.cpp" line="267" col="5" msg="generalized initializer lists are incompatible with C++98" />
 <error level="error" id="err_ref_non_value" file="D:\New folder (2)\PowerToys-1\src\modules\fancyzones\tests\UnitTests\JsonHelpers.Tests.cpp" line="268" col="9" msg="&apos;GridLayoutInfo&apos; does not refer to a value" />
 <error level="warning" id="warn_redundant_parens_around_declarator" file="D:\New folder (2)\PowerToys-1\src\modules\fancyzones\tests\UnitTests\JsonHelpers.Tests.cpp" line="538" col="16" msg="redundant parentheses surrounding declarator" />
 <error level="warning" id="warn_cxx98_compat_generalized_initializer_lists" file="D:\New folder (2)\PowerToys-1\src\modules\fancyzones\tests\UnitTests\JsonHelpers.Tests.cpp" line="539" col="5" msg="generalized initializer lists are incompatible with C++98" />
 <error level="error" id="err_undeclared_var_use" file="D:\New folder (2)\PowerToys-1\src\modules\fancyzones\tests\UnitTests\JsonHelpers.Tests.cpp" line="540" col="22" msg="use of undeclared identifier &apos;ToJsonGrid&apos;" />
 <error level="warning" id="warn_redundant_parens_around_declarator" file="D:\New folder (2)\PowerToys-1\src\modules\fancyzones\tests\UnitTests\JsonHelpers.Tests.cpp" line="654" col="16" msg="redundant parentheses surrounding declarator" />
 <error level="warning" id="warn_cxx98_compat_generalized_initializer_lists" file="D:\New folder (2)\PowerToys-1\src\modules\fancyzones\tests\UnitTests\JsonHelpers.Tests.cpp" line="655" col="5" msg="generalized initializer lists are incompatible with C++98" />
 <error level="error" id="err_undeclared_var_use" file="D:\New folder (2)\PowerToys-1\src\modules\fancyzones\tests\UnitTests\JsonHelpers.Tests.cpp" line="656" col="22" msg="use of undeclared identifier &apos;ToJsonGeneral&apos;" />
 <error level="warning" id="warn_redundant_parens_around_declarator" file="D:\New folder (2)\PowerToys-1\src\modules\fancyzones\tests\UnitTests\JsonHelpers.Tests.cpp" line="714" col="16" msg="redundant parentheses surrounding declarator" />
 <error level="warning" id="warn_cxx98_compat_generalized_initializer_lists" file="D:\New folder (2)\PowerToys-1\src\modules\fancyzones\tests\UnitTests\JsonHelpers.Tests.cpp" line="715" col="5" msg="generalized initializer lists are incompatible with C++98" />
 <error level="error" id="err_undeclared_var_use" file="D:\New folder (2)\PowerToys-1\src\modules\fancyzones\tests\UnitTests\JsonHelpers.Tests.cpp" line="716" col="22" msg="use of undeclared identifier &apos;ToJson&apos;" />
 <error level="warning" id="warn_redundant_parens_around_declarator" file="D:\New folder (2)\PowerToys-1\src\modules\fancyzones\tests\UnitTests\JsonHelpers.Tests.cpp" line="778" col="16" msg="redundant parentheses surrounding declarator" />
 <error level="warning" id="warn_cxx98_compat_generalized_initializer_lists" file="D:\New folder (2)\PowerToys-1\src\modules\fancyzones\tests\UnitTests\JsonHelpers.Tests.cpp" line="779" col="5" msg="generalized initializer lists are incompatible with C++98" />
 <error level="error" id="err_expected_expression" file="D:\New folder (2)\PowerToys-1\src\modules\fancyzones\tests\UnitTests\JsonHelpers.Tests.cpp" line="780" col="5" msg="expected expression" />
 <error level="warning" id="warn_redundant_parens_around_declarator" file="D:\New folder (2)\PowerToys-1\src\modules\fancyzones\tests\UnitTests\JsonHelpers.Tests.cpp" line="883" col="16" msg="redundant parentheses surrounding declarator" />
 <error level="warning" id="warn_cxx98_compat_generalized_initializer_lists" file="D:\New folder (2)\PowerToys-1\src\modules\fancyzones\tests\UnitTests\JsonHelpers.Tests.cpp" line="884" col="5" msg="generalized initializer lists are incompatible with C++98" />
 <error level="error" id="err_expected_expression" file="D:\New folder (2)\PowerToys-1\src\modules\fancyzones\tests\UnitTests\JsonHelpers.Tests.cpp" line="885" col="5" msg="expected expression" />
 <error level="warning" id="warn_cxx98_compat_no_newline_eof" file="D:\New folder (2)\PowerToys-1\src\modules\fancyzones\tests\UnitTests\JsonHelpers.Tests.cpp" line="1931" col="2" msg="C++98 requires newline at end of file" />
</log>