<log>
 <error level="error" id="err_pp_file_not_found" file="D:\New folder (2)\PowerToys-1\src\modules\fancyzones\tests\UnitTests/pch.h" line="12" col="10" msg="&apos;winrt\base.h&apos; file not found" />
 <error level="error" id="err_pp_file_not_found" file="D:\New folder (2)\PowerToys-1\src\modules\fancyzones\lib\pch.h" line="6" col="10" msg="&apos;winrt/base.h&apos; file not found" />
 <error level="warning" id="warn_doc_param_not_found" file="D:\New folder (2)\PowerToys-1\packages\Microsoft.Windows.ImplementationLibrary.1.0.190716.2\include\wil/common.h" line="654" col="12" msg="parameter &apos;val&apos; not found in the function declaration" />
 <error level="warning" id="warn_doc_tparam_not_found" file="D:\New folder (2)\PowerToys-1\packages\Microsoft.Windows.ImplementationLibrary.1.0.190716.2\include\wil\resource.h" line="908" col="13" msg="template parameter &apos;ValueType:&apos; not found in the template declaration" />
 <error level="warning" id="warn_doc_tparam_not_found" file="D:\New folder (2)\PowerToys-1\packages\Microsoft.Windows.ImplementationLibrary.1.0.190716.2\include\wil\resource.h" line="909" col="13" msg="template parameter &apos;ArrayDeleter:&apos; not found in the template declaration" />
 <error level="warning" id="warn_doc_tparam_not_found" file="D:\New folder (2)\PowerToys-1\packages\Microsoft.Windows.ImplementationLibrary.1.0.190716.2\include\wil\resource.h" line="910" col="13" msg="template parameter &apos;ElementDeleter:&apos; not found in the template declaration" />
 <error level="error" id="err_pp_file_not_found" file="D:\New folder (2)\PowerToys-1\src\modules\fancyzones\tests\UnitTests/pch.h" line="15" col="10" msg="&apos;CppUnitTest.h&apos; file not found" />
 <error level="error" id="err_pp_file_not_found" file="D:\New folder (2)\PowerToys-1\src\common/json.h" line="3" col="10" msg="&apos;winrt/Windows.Foundation.h&apos; file not found" />
 <error level="error" id="err_pp_file_not_found" file="D:\New folder (2)\PowerToys-1\src\common/json.h" line="4" col="10" msg="&apos;winrt/Windows.Data.Json.h&apos; file not found" />
 <error level="error" id="err_no_member" file="D:\New folder (2)\PowerToys-1\src\modules\fancyzones\tests\UnitTests\Util.Spec.cpp" line="5" col="28" msg="no member named &apos;VisualStudio&apos; in namespace &apos;Microsoft&apos;" />
 <error level="warning" id="warn_cxx98_compat_two_right_angle_brackets" file="D:\New folder (2)\PowerToys-1\src\modules\fancyzones\tests\UnitTests\Util.Spec.cpp" line="9" col="79" msg="consecutive right angle brackets are incompatible with C++98 (use &apos;&gt; &gt;&apos;)" />
 <error level="warning" id="warn_cxx98_compat_auto_type_specifier" file="D:\New folder (2)\PowerToys-1\src\modules\fancyzones\tests\UnitTests\Util.Spec.cpp" line="11" col="9" msg="&apos;auto&apos; type specifier is incompatible with C++98" />
 <error level="warning" id="warn_cxx98_compat_auto_type_specifier" file="D:\New folder (2)\PowerToys-1\src\modules\fancyzones\tests\UnitTests\Util.Spec.cpp" line="14" col="13" msg="&apos;auto&apos; type specifier is incompatible with C++98" />
 <error level="warning" id="warn_cxx98_compat_lambda" file="D:\New folder (2)\PowerToys-1\src\modules\fancyzones\tests\UnitTests\Util.Spec.cpp" line="17" col="102" msg="lambda expressions are incompatible with C++98" />
 <error level="warning" id="warn_cxx98_compat_auto_type_specifier" file="D:\New folder (2)\PowerToys-1\src\modules\fancyzones\tests\UnitTests\Util.Spec.cpp" line="17" col="105" msg="&apos;auto&apos; type specifier is incompatible with C++98" />
 <error level="warning" id="warn_cxx98_compat_auto_type_specifier" file="D:\New folder (2)\PowerToys-1\src\modules\fancyzones\tests\UnitTests\Util.Spec.cpp" line="17" col="113" msg="&apos;auto&apos; type specifier is incompatible with C++98" />
 <error level="error" id="err_no_member" file="D:\New folder (2)\PowerToys-1\src\modules\fancyzones\tests\UnitTests\Util.Spec.cpp" line="17" col="23" msg="no member named &apos;next_permutation&apos; in namespace &apos;std&apos;" />
 <error level="warning" id="warn_missing_prototype" file="D:\New folder (2)\PowerToys-1\src\modules\fancyzones\tests\UnitTests\Util.Spec.cpp" line="9" col="10" msg="no previous prototype for function &apos;TestMonitorSetPermutations&apos;" />
 <error level="warning" id="warn_cxx98_compat_two_right_angle_brackets" file="D:\New folder (2)\PowerToys-1\src\modules\fancyzones\tests\UnitTests\Util.Spec.cpp" line="20" col="86" msg="consecutive right angle brackets are incompatible with C++98 (use &apos;&gt; &gt;&apos;)" />
 <error level="warning" id="warn_cxx98_compat_auto_type_specifier" file="D:\New folder (2)\PowerToys-1\src\modules\fancyzones\tests\UnitTests\Util.Spec.cpp" line="26" col="17" msg="&apos;auto&apos; type specifier is incompatible with C++98" />
 <error level="warning" id="warn_cxx14_compat_decomp_decl" file="D:\New folder (2)\PowerToys-1\src\modules\fancyzones\tests\UnitTests\Util.Spec.cpp" line="27" col="28" msg="decomposition declarations are incompatible with C++ standards before C++17" />
 <error level="warning" id="warn_cxx98_compat_auto_type_specifier" file="D:\New folder (2)\PowerToys-1\src\modules\fancyzones\tests\UnitTests\Util.Spec.cpp" line="27" col="22" msg="&apos;auto&apos; type specifier is incompatible with C++98" />
 <error level="warning" id="warn_cxx98_compat_for_range" file="D:\New folder (2)\PowerToys-1\src\modules\fancyzones\tests\UnitTests\Util.Spec.cpp" line="27" col="44" msg="range-based for loop is incompatible with C++98" />
 <error level="warning" id="warn_missing_prototype" file="D:\New folder (2)\PowerToys-1\src\modules\fancyzones\tests\UnitTests\Util.Spec.cpp" line="20" col="10" msg="no previous prototype for function &apos;TestMonitorSetPermutationsOffsets&apos;" />
 <error level="warning" id="warn_redundant_parens_around_declarator" file="D:\New folder (2)\PowerToys-1\src\modules\fancyzones\tests\UnitTests\Util.Spec.cpp" line="39" col="15" msg="redundant parentheses surrounding declarator" />
 <error level="warning" id="warn_cxx98_compat_generalized_initializer_lists" file="D:\New folder (2)\PowerToys-1\src\modules\fancyzones\tests\UnitTests\Util.Spec.cpp" line="40" col="5" msg="generalized initializer lists are incompatible with C++98" />
 <error level="error" id="err_undeclared_var_use" file="D:\New folder (2)\PowerToys-1\src\modules\fancyzones\tests\UnitTests\Util.Spec.cpp" line="41" col="21" msg="use of undeclared identifier &apos;TestParseDeviceId&apos;" />
</log>