<log>
 <error level="error" id="err_pp_file_not_found" file="D:\New folder (2)\PowerToys-1\src\modules\fancyzones\tests\UnitTests/pch.h" line="12" col="10" msg="&apos;winrt\base.h&apos; file not found" />
 <error level="error" id="err_pp_file_not_found" file="D:\New folder (2)\PowerToys-1\src\modules\fancyzones\lib\pch.h" line="6" col="10" msg="&apos;winrt/base.h&apos; file not found" />
 <error level="warning" id="warn_doc_param_not_found" file="D:\New folder (2)\PowerToys-1\packages\Microsoft.Windows.ImplementationLibrary.1.0.190716.2\include\wil/common.h" line="654" col="12" msg="parameter &apos;val&apos; not found in the function declaration" />
 <error level="warning" id="warn_doc_tparam_not_found" file="D:\New folder (2)\PowerToys-1\packages\Microsoft.Windows.ImplementationLibrary.1.0.190716.2\include\wil\resource.h" line="908" col="13" msg="template parameter &apos;ValueType:&apos; not found in the template declaration" />
 <error level="warning" id="warn_doc_tparam_not_found" file="D:\New folder (2)\PowerToys-1\packages\Microsoft.Windows.ImplementationLibrary.1.0.190716.2\include\wil\resource.h" line="909" col="13" msg="template parameter &apos;ArrayDeleter:&apos; not found in the template declaration" />
 <error level="warning" id="warn_doc_tparam_not_found" file="D:\New folder (2)\PowerToys-1\packages\Microsoft.Windows.ImplementationLibrary.1.0.190716.2\include\wil\resource.h" line="910" col="13" msg="template parameter &apos;ElementDeleter:&apos; not found in the template declaration" />
 <error level="error" id="err_pp_file_not_found" file="D:\New folder (2)\PowerToys-1\src\modules\fancyzones\tests\UnitTests/pch.h" line="15" col="10" msg="&apos;CppUnitTest.h&apos; file not found" />
 <error level="error" id="err_pp_file_not_found" file="D:\New folder (2)\PowerToys-1\src\common/json.h" line="3" col="10" msg="&apos;winrt/Windows.Foundation.h&apos; file not found" />
 <error level="error" id="err_pp_file_not_found" file="D:\New folder (2)\PowerToys-1\src\common/json.h" line="4" col="10" msg="&apos;winrt/Windows.Data.Json.h&apos; file not found" />
 <error level="warning" id="pp_nonportable_path" file="D:\New folder (2)\PowerToys-1\src\modules\fancyzones\tests\UnitTests\FancyZones.Spec.cpp" line="9" col="10" msg="non-portable path to file &apos;&quot;Util.h&quot;&apos;; specified path differs in case from file name on disk" />
 <error level="error" id="err_no_member" file="D:\New folder (2)\PowerToys-1\src\modules\fancyzones\tests\UnitTests\FancyZones.Spec.cpp" line="11" col="28" msg="no member named &apos;VisualStudio&apos; in namespace &apos;Microsoft&apos;" />
 <error level="warning" id="warn_redundant_parens_around_declarator" file="D:\New folder (2)\PowerToys-1\src\modules\fancyzones\tests\UnitTests\FancyZones.Spec.cpp" line="15" col="16" msg="redundant parentheses surrounding declarator" />
 <error level="warning" id="warn_cxx98_compat_generalized_initializer_lists" file="D:\New folder (2)\PowerToys-1\src\modules\fancyzones\tests\UnitTests\FancyZones.Spec.cpp" line="16" col="5" msg="generalized initializer lists are incompatible with C++98" />
 <error level="error" id="err_unexpected_typedef" file="D:\New folder (2)\PowerToys-1\src\modules\fancyzones\tests\UnitTests\FancyZones.Spec.cpp" line="17" col="9" msg="unexpected type name &apos;HINSTANCE&apos;: expected expression" />
 <error level="warning" id="warn_redundant_parens_around_declarator" file="D:\New folder (2)\PowerToys-1\src\modules\fancyzones\tests\UnitTests\FancyZones.Spec.cpp" line="51" col="16" msg="redundant parentheses surrounding declarator" />
 <error level="warning" id="warn_cxx98_compat_generalized_initializer_lists" file="D:\New folder (2)\PowerToys-1\src\modules\fancyzones\tests\UnitTests\FancyZones.Spec.cpp" line="52" col="5" msg="generalized initializer lists are incompatible with C++98" />
 <error level="error" id="err_unexpected_typedef" file="D:\New folder (2)\PowerToys-1\src\modules\fancyzones\tests\UnitTests\FancyZones.Spec.cpp" line="53" col="9" msg="unexpected type name &apos;HINSTANCE&apos;: expected expression" />
 <error level="warning" id="warn_redundant_parens_around_declarator" file="D:\New folder (2)\PowerToys-1\src\modules\fancyzones\tests\UnitTests\FancyZones.Spec.cpp" line="261" col="16" msg="redundant parentheses surrounding declarator" />
 <error level="warning" id="warn_cxx98_compat_generalized_initializer_lists" file="D:\New folder (2)\PowerToys-1\src\modules\fancyzones\tests\UnitTests\FancyZones.Spec.cpp" line="262" col="5" msg="generalized initializer lists are incompatible with C++98" />
 <error level="error" id="err_unexpected_typedef" file="D:\New folder (2)\PowerToys-1\src\modules\fancyzones\tests\UnitTests\FancyZones.Spec.cpp" line="263" col="9" msg="unexpected type name &apos;HINSTANCE&apos;: expected expression" />
 <error level="warning" id="warn_cxx98_compat_no_newline_eof" file="D:\New folder (2)\PowerToys-1\src\modules\fancyzones\tests\UnitTests\FancyZones.Spec.cpp" line="461" col="2" msg="C++98 requires newline at end of file" />
</log>