<log>
 <error level="error" id="err_pp_file_not_found" file="D:\New folder (2)\PowerToys-1\src\modules\fancyzones\tests\UnitTests/pch.h" line="12" col="10" msg="&apos;winrt\base.h&apos; file not found" />
 <error level="error" id="err_pp_file_not_found" file="D:\New folder (2)\PowerToys-1\src\modules\fancyzones\lib\pch.h" line="6" col="10" msg="&apos;winrt/base.h&apos; file not found" />
 <error level="warning" id="warn_doc_param_not_found" file="D:\New folder (2)\PowerToys-1\packages\Microsoft.Windows.ImplementationLibrary.1.0.190716.2\include\wil/common.h" line="654" col="12" msg="parameter &apos;val&apos; not found in the function declaration" />
 <error level="warning" id="warn_doc_tparam_not_found" file="D:\New folder (2)\PowerToys-1\packages\Microsoft.Windows.ImplementationLibrary.1.0.190716.2\include\wil\resource.h" line="908" col="13" msg="template parameter &apos;ValueType:&apos; not found in the template declaration" />
 <error level="warning" id="warn_doc_tparam_not_found" file="D:\New folder (2)\PowerToys-1\packages\Microsoft.Windows.ImplementationLibrary.1.0.190716.2\include\wil\resource.h" line="909" col="13" msg="template parameter &apos;ArrayDeleter:&apos; not found in the template declaration" />
 <error level="warning" id="warn_doc_tparam_not_found" file="D:\New folder (2)\PowerToys-1\packages\Microsoft.Windows.ImplementationLibrary.1.0.190716.2\include\wil\resource.h" line="910" col="13" msg="template parameter &apos;ElementDeleter:&apos; not found in the template declaration" />
 <error level="error" id="err_pp_file_not_found" file="D:\New folder (2)\PowerToys-1\src\modules\fancyzones\tests\UnitTests/pch.h" line="15" col="10" msg="&apos;CppUnitTest.h&apos; file not found" />
 <error level="error" id="err_pp_file_not_found" file="D:\New folder (2)\PowerToys-1\src\common/json.h" line="3" col="10" msg="&apos;winrt/Windows.Foundation.h&apos; file not found" />
 <error level="error" id="err_pp_file_not_found" file="D:\New folder (2)\PowerToys-1\src\common/json.h" line="4" col="10" msg="&apos;winrt/Windows.Data.Json.h&apos; file not found" />
 <error level="error" id="err_no_member" file="D:\New folder (2)\PowerToys-1\src\modules\fancyzones\tests\UnitTests\ZoneSet.Spec.cpp" line="10" col="28" msg="no member named &apos;VisualStudio&apos; in namespace &apos;Microsoft&apos;" />
 <error level="warning" id="warn_cxx98_compat_alias_declaration" file="D:\New folder (2)\PowerToys-1\src\modules\fancyzones\tests\UnitTests\ZoneSet.Spec.cpp" line="11" col="28" msg="alias declarations are incompatible with C++98" />
 <error level="warning" id="warn_redundant_parens_around_declarator" file="D:\New folder (2)\PowerToys-1\src\modules\fancyzones\tests\UnitTests\ZoneSet.Spec.cpp" line="15" col="16" msg="redundant parentheses surrounding declarator" />
 <error level="warning" id="warn_cxx98_compat_generalized_initializer_lists" file="D:\New folder (2)\PowerToys-1\src\modules\fancyzones\tests\UnitTests\ZoneSet.Spec.cpp" line="16" col="5" msg="generalized initializer lists are incompatible with C++98" />
 <error level="error" id="err_unexpected_typedef" file="D:\New folder (2)\PowerToys-1\src\modules\fancyzones\tests\UnitTests\ZoneSet.Spec.cpp" line="17" col="9" msg="unexpected type name &apos;GUID&apos;: expected expression" />
 <error level="warning" id="warn_redundant_parens_around_declarator" file="D:\New folder (2)\PowerToys-1\src\modules\fancyzones\tests\UnitTests\ZoneSet.Spec.cpp" line="554" col="16" msg="redundant parentheses surrounding declarator" />
 <error level="warning" id="warn_cxx98_compat_generalized_initializer_lists" file="D:\New folder (2)\PowerToys-1\src\modules\fancyzones\tests\UnitTests\ZoneSet.Spec.cpp" line="555" col="5" msg="generalized initializer lists are incompatible with C++98" />
 <error level="error" id="err_no_member" file="D:\New folder (2)\PowerToys-1\src\modules\fancyzones\tests\UnitTests\ZoneSet.Spec.cpp" line="556" col="16" msg="no member named &apos;com_ptr&apos; in namespace &apos;winrt&apos;" />
 <error level="error" id="err_ref_non_value" file="D:\New folder (2)\PowerToys-1\src\modules\fancyzones\tests\UnitTests\ZoneSet.Spec.cpp" line="556" col="24" msg="&apos;IZoneSet&apos; does not refer to a value" />
 <error level="error" id="err_undeclared_var_use" file="D:\New folder (2)\PowerToys-1\src\modules\fancyzones\tests\UnitTests\ZoneSet.Spec.cpp" line="556" col="34" msg="use of undeclared identifier &apos;m_set&apos;" />
 <error level="warning" id="warn_redundant_parens_around_declarator" file="D:\New folder (2)\PowerToys-1\src\modules\fancyzones\tests\UnitTests\ZoneSet.Spec.cpp" line="851" col="16" msg="redundant parentheses surrounding declarator" />
 <error level="warning" id="warn_cxx98_compat_generalized_initializer_lists" file="D:\New folder (2)\PowerToys-1\src\modules\fancyzones\tests\UnitTests\ZoneSet.Spec.cpp" line="852" col="5" msg="generalized initializer lists are incompatible with C++98" />
 <error level="error" id="err_unexpected_typedef" file="D:\New folder (2)\PowerToys-1\src\modules\fancyzones\tests\UnitTests\ZoneSet.Spec.cpp" line="853" col="9" msg="unexpected type name &apos;GUID&apos;: expected expression" />
</log>