<log>
 <error level="error" id="err_pp_file_not_found" file="D:\New folder (2)\PowerToys-1\src\runner/pch.h" line="2" col="10" msg="&apos;winrt/base.h&apos; file not found" />
 <error level="error" id="err_pp_file_not_found" file="D:\New folder (2)\PowerToys-1\src\runner/pch.h" line="4" col="10" msg="&apos;dxgi1_3.h&apos; file not found" />
 <error level="error" id="err_pp_file_not_found" file="D:\New folder (2)\PowerToys-1\src\runner/pch.h" line="5" col="10" msg="&apos;d3d11_2.h&apos; file not found" />
 <error level="error" id="err_pp_file_not_found" file="D:\New folder (2)\PowerToys-1\src\runner/pch.h" line="6" col="10" msg="&apos;d2d1_3.h&apos; file not found" />
 <error level="error" id="err_pp_file_not_found" file="D:\New folder (2)\PowerToys-1\src\runner/pch.h" line="7" col="10" msg="&apos;d2d1_3helper.h&apos; file not found" />
 <error level="error" id="err_pp_file_not_found" file="D:\New folder (2)\PowerToys-1\src\runner/pch.h" line="8" col="10" msg="&apos;d2d1helper.h&apos; file not found" />
 <error level="error" id="err_pp_file_not_found" file="D:\New folder (2)\PowerToys-1\src\runner/pch.h" line="9" col="10" msg="&apos;dwrite.h&apos; file not found" />
 <error level="error" id="err_pp_file_not_found" file="D:\New folder (2)\PowerToys-1\src\runner/pch.h" line="10" col="10" msg="&apos;dcomp.h&apos; file not found" />
 <error level="error" id="err_pp_file_not_found" file="D:\New folder (2)\PowerToys-1\src\runner/pch.h" line="11" col="10" msg="&apos;dwmapi.h&apos; file not found" />
 <error level="error" id="err_pp_file_not_found" file="D:\New folder (2)\PowerToys-1\src\common\Telemetry\ProjectTelemetry.h" line="3" col="10" msg="&apos;TraceLoggingProvider.h&apos; file not found" />
 <error level="error" id="err_pp_file_not_found" file="D:\New folder (2)\PowerToys-1\src\runner/pch.h" line="27" col="10" msg="&apos;winrt/Windows.ApplicationModel.h&apos; file not found" />
 <error level="error" id="err_pp_file_not_found" file="D:\New folder (2)\PowerToys-1\src\runner/pch.h" line="28" col="10" msg="&apos;winrt/Windows.Storage.h&apos; file not found" />
 <error level="error" id="err_pp_file_not_found" file="D:\New folder (2)\PowerToys-1\packages\Microsoft.Windows.ImplementationLibrary.1.0.190716.2\include\wil/common.h" line="88" col="10" msg="&apos;sal.h&apos; file not found" />
 <error level="error" id="err_pp_file_not_found" file="D:\New folder (2)\PowerToys-1\packages\Microsoft.Windows.ImplementationLibrary.1.0.190716.2\include\wil/result_macros.h" line="123" col="10" msg="&apos;strsafe.h&apos; file not found" />
 <error level="error" id="err_pp_file_not_found" file="D:\New folder (2)\PowerToys-1\packages\Microsoft.Windows.ImplementationLibrary.1.0.190716.2\include\wil/result_macros.h" line="124" col="10" msg="&apos;intrin.h&apos; file not found" />
 <error level="error" id="err_pp_file_not_found" file="D:\New folder (2)\PowerToys-1\packages\Microsoft.Windows.ImplementationLibrary.1.0.190716.2\include\wil/result_macros.h" line="125" col="10" msg="&apos;new.h&apos; file not found" />
 <error level="error" id="err_pp_file_not_found" file="D:\New folder (2)\PowerToys-1\packages\Microsoft.Windows.ImplementationLibrary.1.0.190716.2\include\wil/wistd_functional.h" line="40" col="10" msg="&apos;intrin.h&apos; file not found" />
 <error level="error" id="err_pp_file_not_found" file="D:\New folder (2)\PowerToys-1\packages\Microsoft.Windows.ImplementationLibrary.1.0.190716.2\include\wil/wistd_functional.h" line="41" col="10" msg="&apos;new.h&apos; file not found" />
 <error level="warning" id="warn_doc_tparam_not_found" file="D:\New folder (2)\PowerToys-1\packages\Microsoft.Windows.ImplementationLibrary.1.0.190716.2\include\wil/resource.h" line="908" col="13" msg="template parameter &apos;ValueType:&apos; not found in the template declaration" />
 <error level="warning" id="warn_doc_tparam_not_found" file="D:\New folder (2)\PowerToys-1\packages\Microsoft.Windows.ImplementationLibrary.1.0.190716.2\include\wil/resource.h" line="909" col="13" msg="template parameter &apos;ArrayDeleter:&apos; not found in the template declaration" />
 <error level="warning" id="warn_doc_tparam_not_found" file="D:\New folder (2)\PowerToys-1\packages\Microsoft.Windows.ImplementationLibrary.1.0.190716.2\include\wil/resource.h" line="910" col="13" msg="template parameter &apos;ElementDeleter:&apos; not found in the template declaration" />
 <error level="error" id="err_pp_file_not_found" file="D:\New folder (2)\PowerToys-1\src\common/json.h" line="3" col="10" msg="&apos;winrt/Windows.Foundation.h&apos; file not found" />
 <error level="error" id="err_pp_file_not_found" file="D:\New folder (2)\PowerToys-1\src\common/json.h" line="4" col="10" msg="&apos;winrt/Windows.Data.Json.h&apos; file not found" />
 <error level="error" id="err_pp_file_not_found" file="D:\New folder (2)\PowerToys-1\src\common/timeutil.h" line="8" col="10" msg="&apos;winrt/base.h&apos; file not found" />
 <error level="error" id="err_unexpected_namespace" file="D:\New folder (2)\PowerToys-1\src\runner\update_state.cpp" line="26" col="22" msg="unexpected namespace name &apos;json&apos;: expected expression" />
 <error level="error" id="err_no_member" file="D:\New folder (2)\PowerToys-1\src\runner\update_state.cpp" line="26" col="11" msg="no member named &apos;JsonObject&apos; in namespace &apos;json&apos;" />
 <error level="error" id="err_unexpected_namespace" file="D:\New folder (2)\PowerToys-1\src\runner\update_state.cpp" line="29" col="9" msg="unexpected namespace name &apos;json&apos;: expected expression" />
 <error level="error" id="err_ovl_no_viable_function_in_call" file="D:\New folder (2)\PowerToys-1\src\runner\update_state.cpp" line="29" col="64" msg="no matching function for call to &apos;value&apos;" />
 <error level="error" id="err_unexpected_namespace" file="D:\New folder (2)\PowerToys-1\src\runner\update_state.cpp" line="31" col="5" msg="unexpected namespace name &apos;json&apos;: expected expression" />
 <error level="error" id="err_ovl_no_viable_function_in_call" file="D:\New folder (2)\PowerToys-1\src\runner\update_state.cpp" line="31" col="43" msg="no matching function for call to &apos;value&apos;" />
 <error level="error" id="err_unexpected_namespace" file="D:\New folder (2)\PowerToys-1\src\runner\update_state.cpp" line="33" col="12" msg="unexpected namespace name &apos;json&apos;: expected expression" />
 <error level="warning" id="warn_cxx98_compat_auto_type_specifier" file="D:\New folder (2)\PowerToys-1\src\runner\update_state.cpp" line="38" col="11" msg="&apos;auto&apos; type specifier is incompatible with C++98" />
 <error level="error" id="err_no_member" file="D:\New folder (2)\PowerToys-1\src\runner\update_state.cpp" line="39" col="25" msg="no member named &apos;JsonObject&apos; in namespace &apos;json&apos;" />
 <error level="error" id="err_missing_type_specifier" file="D:\New folder (2)\PowerToys-1\src\runner\update_state.cpp" line="39" col="37" msg="C++ requires a type specifier for all declarations" />
 <error level="warning" id="warn_cxx98_compat_generalized_initializer_lists" file="D:\New folder (2)\PowerToys-1\src\runner\update_state.cpp" line="41" col="40" msg="generalized initializer lists are incompatible with C++98" />
 <error level="warning" id="warn_cxx98_compat_nullptr" file="D:\New folder (2)\PowerToys-1\src\runner\update_state.cpp" line="41" col="55" msg="&apos;nullptr&apos; is incompatible with C++98" />
 <error level="warning" id="warn_cxx98_compat_auto_type_specifier" file="D:\New folder (2)\PowerToys-1\src\runner\update_state.cpp" line="42" col="9" msg="&apos;auto&apos; type specifier is incompatible with C++98" />
 <error level="warning" id="warn_cxx98_compat_generalized_initializer_lists" file="D:\New folder (2)\PowerToys-1\src\runner\update_state.cpp" line="45" col="51" msg="generalized initializer lists are incompatible with C++98" />
 <error level="warning" id="warn_cxx98_compat_ctor_list_init" file="D:\New folder (2)\PowerToys-1\src\runner\update_state.cpp" line="45" col="52" msg="constructor call from initializer list is incompatible with C++98" />
 <error level="warning" id="warn_cxx98_compat_auto_type_specifier" file="D:\New folder (2)\PowerToys-1\src\runner\update_state.cpp" line="50" col="11" msg="&apos;auto&apos; type specifier is incompatible with C++98" />
 <error level="error" id="err_no_member" file="D:\New folder (2)\PowerToys-1\src\runner\update_state.cpp" line="52" col="25" msg="no member named &apos;JsonObject&apos; in namespace &apos;json&apos;" />
 <error level="error" id="err_missing_type_specifier" file="D:\New folder (2)\PowerToys-1\src\runner\update_state.cpp" line="52" col="37" msg="C++ requires a type specifier for all declarations" />
 <error level="warning" id="warn_cxx98_compat_generalized_initializer_lists" file="D:\New folder (2)\PowerToys-1\src\runner\update_state.cpp" line="54" col="40" msg="generalized initializer lists are incompatible with C++98" />
 <error level="warning" id="warn_cxx98_compat_nullptr" file="D:\New folder (2)\PowerToys-1\src\runner\update_state.cpp" line="54" col="55" msg="&apos;nullptr&apos; is incompatible with C++98" />
 <error level="warning" id="warn_cxx98_compat_auto_type_specifier" file="D:\New folder (2)\PowerToys-1\src\runner\update_state.cpp" line="55" col="9" msg="&apos;auto&apos; type specifier is incompatible with C++98" />
</log>