<log>
 <error level="error" id="err_pp_file_not_found" file="D:\New folder (2)\PowerToys-1\src\runner/pch.h" line="2" col="10" msg="&apos;winrt/base.h&apos; file not found" />
 <error level="error" id="err_pp_file_not_found" file="D:\New folder (2)\PowerToys-1\src\runner/pch.h" line="4" col="10" msg="&apos;dxgi1_3.h&apos; file not found" />
 <error level="error" id="err_pp_file_not_found" file="D:\New folder (2)\PowerToys-1\src\runner/pch.h" line="5" col="10" msg="&apos;d3d11_2.h&apos; file not found" />
 <error level="error" id="err_pp_file_not_found" file="D:\New folder (2)\PowerToys-1\src\runner/pch.h" line="6" col="10" msg="&apos;d2d1_3.h&apos; file not found" />
 <error level="error" id="err_pp_file_not_found" file="D:\New folder (2)\PowerToys-1\src\runner/pch.h" line="7" col="10" msg="&apos;d2d1_3helper.h&apos; file not found" />
 <error level="error" id="err_pp_file_not_found" file="D:\New folder (2)\PowerToys-1\src\runner/pch.h" line="8" col="10" msg="&apos;d2d1helper.h&apos; file not found" />
 <error level="error" id="err_pp_file_not_found" file="D:\New folder (2)\PowerToys-1\src\runner/pch.h" line="9" col="10" msg="&apos;dwrite.h&apos; file not found" />
 <error level="error" id="err_pp_file_not_found" file="D:\New folder (2)\PowerToys-1\src\runner/pch.h" line="10" col="10" msg="&apos;dcomp.h&apos; file not found" />
 <error level="error" id="err_pp_file_not_found" file="D:\New folder (2)\PowerToys-1\src\runner/pch.h" line="11" col="10" msg="&apos;dwmapi.h&apos; file not found" />
 <error level="error" id="err_pp_file_not_found" file="D:\New folder (2)\PowerToys-1\src\common\Telemetry\ProjectTelemetry.h" line="3" col="10" msg="&apos;TraceLoggingProvider.h&apos; file not found" />
 <error level="error" id="err_pp_file_not_found" file="D:\New folder (2)\PowerToys-1\src\runner/pch.h" line="27" col="10" msg="&apos;winrt/Windows.ApplicationModel.h&apos; file not found" />
 <error level="error" id="err_pp_file_not_found" file="D:\New folder (2)\PowerToys-1\src\runner/pch.h" line="28" col="10" msg="&apos;winrt/Windows.Storage.h&apos; file not found" />
 <error level="error" id="err_pp_file_not_found" file="D:\New folder (2)\PowerToys-1\packages\Microsoft.Windows.ImplementationLibrary.1.0.190716.2\include\wil/common.h" line="88" col="10" msg="&apos;sal.h&apos; file not found" />
 <error level="error" id="err_pp_file_not_found" file="D:\New folder (2)\PowerToys-1\packages\Microsoft.Windows.ImplementationLibrary.1.0.190716.2\include\wil/result_macros.h" line="123" col="10" msg="&apos;strsafe.h&apos; file not found" />
 <error level="error" id="err_pp_file_not_found" file="D:\New folder (2)\PowerToys-1\packages\Microsoft.Windows.ImplementationLibrary.1.0.190716.2\include\wil/result_macros.h" line="124" col="10" msg="&apos;intrin.h&apos; file not found" />
 <error level="error" id="err_pp_file_not_found" file="D:\New folder (2)\PowerToys-1\packages\Microsoft.Windows.ImplementationLibrary.1.0.190716.2\include\wil/result_macros.h" line="125" col="10" msg="&apos;new.h&apos; file not found" />
 <error level="error" id="err_pp_file_not_found" file="D:\New folder (2)\PowerToys-1\packages\Microsoft.Windows.ImplementationLibrary.1.0.190716.2\include\wil/wistd_functional.h" line="40" col="10" msg="&apos;intrin.h&apos; file not found" />
 <error level="error" id="err_pp_file_not_found" file="D:\New folder (2)\PowerToys-1\packages\Microsoft.Windows.ImplementationLibrary.1.0.190716.2\include\wil/wistd_functional.h" line="41" col="10" msg="&apos;new.h&apos; file not found" />
 <error level="warning" id="warn_doc_tparam_not_found" file="D:\New folder (2)\PowerToys-1\packages\Microsoft.Windows.ImplementationLibrary.1.0.190716.2\include\wil/resource.h" line="908" col="13" msg="template parameter &apos;ValueType:&apos; not found in the template declaration" />
 <error level="warning" id="warn_doc_tparam_not_found" file="D:\New folder (2)\PowerToys-1\packages\Microsoft.Windows.ImplementationLibrary.1.0.190716.2\include\wil/resource.h" line="909" col="13" msg="template parameter &apos;ArrayDeleter:&apos; not found in the template declaration" />
 <error level="warning" id="warn_doc_tparam_not_found" file="D:\New folder (2)\PowerToys-1\packages\Microsoft.Windows.ImplementationLibrary.1.0.190716.2\include\wil/resource.h" line="910" col="13" msg="template parameter &apos;ElementDeleter:&apos; not found in the template declaration" />
 <error level="error" id="err_pp_file_not_found" file="D:\New folder (2)\PowerToys-1\src\common/json.h" line="3" col="10" msg="&apos;winrt/Windows.Foundation.h&apos; file not found" />
 <error level="error" id="err_pp_file_not_found" file="D:\New folder (2)\PowerToys-1\src\common/json.h" line="4" col="10" msg="&apos;winrt/Windows.Data.Json.h&apos; file not found" />
 <error level="error" id="err_pp_file_not_found" file="D:\New folder (2)\PowerToys-1\src\common/windows_colors.h" line="2" col="10" msg="&apos;winrt/Windows.UI.ViewManagement.h&apos; file not found" />
 <error level="error" id="err_pp_file_not_found" file="D:\New folder (2)\PowerToys-1\src\common/winstore.h" line="5" col="10" msg="&apos;winrt/Windows.ApplicationModel.h&apos; file not found" />
 <error level="warning" id="warn_exit_time_destructor" file="D:\New folder (2)\PowerToys-1\src\runner\general_settings.cpp" line="14" col="21" msg="declaration requires an exit-time destructor" />
 <error level="warning" id="warn_global_destructor" file="D:\New folder (2)\PowerToys-1\src\runner\general_settings.cpp" line="14" col="21" msg="declaration requires a global destructor" />
 <error level="warning" id="warn_cxx98_compat_raw_string_literal" file="D:\New folder (2)\PowerToys-1\src\runner\general_settings.cpp" line="22" col="56" msg="raw string literals are incompatible with C++98" />
 <error level="error" id="err_ovl_no_viable_function_in_call" file="D:\New folder (2)\PowerToys-1\src\runner\general_settings.cpp" line="29" col="39" msg="no matching function for call to &apos;value&apos;" />
 <error level="error" id="err_ovl_no_viable_function_in_call" file="D:\New folder (2)\PowerToys-1\src\runner\general_settings.cpp" line="30" col="38" msg="no matching function for call to &apos;value&apos;" />
 <error level="error" id="err_ovl_no_viable_function_in_call" file="D:\New folder (2)\PowerToys-1\src\runner\general_settings.cpp" line="33" col="58" msg="no matching function for call to &apos;value&apos;" />
 <error level="warning" id="warn_cxx14_compat_decomp_decl" file="D:\New folder (2)\PowerToys-1\src\runner\general_settings.cpp" line="37" col="22" msg="decomposition declarations are incompatible with C++ standards before C++17" />
 <error level="warning" id="warn_cxx98_compat_auto_type_specifier" file="D:\New folder (2)\PowerToys-1\src\runner\general_settings.cpp" line="37" col="16" msg="&apos;auto&apos; type specifier is incompatible with C++98" />
 <error level="warning" id="warn_cxx98_compat_for_range" file="D:\New folder (2)\PowerToys-1\src\runner\general_settings.cpp" line="37" col="40" msg="range-based for loop is incompatible with C++98" />
 <error level="error" id="err_ovl_no_viable_function_in_call" file="D:\New folder (2)\PowerToys-1\src\runner\general_settings.cpp" line="43" col="42" msg="no matching function for call to &apos;value&apos;" />
 <error level="error" id="err_ovl_no_viable_function_in_call" file="D:\New folder (2)\PowerToys-1\src\runner\general_settings.cpp" line="44" col="43" msg="no matching function for call to &apos;value&apos;" />
 <error level="error" id="err_ovl_no_viable_function_in_call" file="D:\New folder (2)\PowerToys-1\src\runner\general_settings.cpp" line="45" col="61" msg="no matching function for call to &apos;value&apos;" />
 <error level="error" id="err_ovl_no_viable_function_in_call" file="D:\New folder (2)\PowerToys-1\src\runner\general_settings.cpp" line="46" col="39" msg="no matching function for call to &apos;value&apos;" />
 <error level="error" id="err_ovl_no_viable_function_in_call" file="D:\New folder (2)\PowerToys-1\src\runner\general_settings.cpp" line="47" col="36" msg="no matching function for call to &apos;value&apos;" />
 <error level="error" id="err_ovl_no_viable_function_in_call" file="D:\New folder (2)\PowerToys-1\src\runner\general_settings.cpp" line="48" col="43" msg="no matching function for call to &apos;value&apos;" />
 <error level="error" id="err_ovl_no_viable_function_in_call" file="D:\New folder (2)\PowerToys-1\src\runner\general_settings.cpp" line="49" col="48" msg="no matching function for call to &apos;value&apos;" />
 <error level="warning" id="warn_cxx98_compat_auto_type_specifier" file="D:\New folder (2)\PowerToys-1\src\runner\general_settings.cpp" line="56" col="5" msg="&apos;auto&apos; type specifier is incompatible with C++98" />
 <error level="warning" id="warn_cxx98_compat_generalized_initializer_lists" file="D:\New folder (2)\PowerToys-1\src\runner\general_settings.cpp" line="70" col="29" msg="generalized initializer lists are incompatible with C++98" />
 <error level="warning" id="ext_designated_init" file="D:\New folder (2)\PowerToys-1\src\runner\general_settings.cpp" line="71" col="9" msg="designated initializers are a C99 feature" />
 <error level="warning" id="ext_designated_init" file="D:\New folder (2)\PowerToys-1\src\runner\general_settings.cpp" line="72" col="9" msg="designated initializers are a C99 feature" />
 <error level="warning" id="ext_designated_init" file="D:\New folder (2)\PowerToys-1\src\runner\general_settings.cpp" line="73" col="9" msg="designated initializers are a C99 feature" />
 <error level="warning" id="ext_designated_init" file="D:\New folder (2)\PowerToys-1\src\runner\general_settings.cpp" line="74" col="9" msg="designated initializers are a C99 feature" />
 <error level="warning" id="ext_designated_init" file="D:\New folder (2)\PowerToys-1\src\runner\general_settings.cpp" line="75" col="9" msg="designated initializers are a C99 feature" />
 <error level="warning" id="ext_designated_init" file="D:\New folder (2)\PowerToys-1\src\runner\general_settings.cpp" line="76" col="9" msg="designated initializers are a C99 feature" />
 <error level="warning" id="ext_designated_init" file="D:\New folder (2)\PowerToys-1\src\runner\general_settings.cpp" line="77" col="9" msg="designated initializers are a C99 feature" />
 <error level="warning" id="ext_designated_init" file="D:\New folder (2)\PowerToys-1\src\runner\general_settings.cpp" line="78" col="9" msg="designated initializers are a C99 feature" />
 <error level="warning" id="warn_cxx98_compat_auto_type_specifier" file="D:\New folder (2)\PowerToys-1\src\runner\general_settings.cpp" line="84" col="15" msg="&apos;auto&apos; type specifier is incompatible with C++98" />
 <error level="warning" id="warn_cxx14_compat_decomp_decl" file="D:\New folder (2)\PowerToys-1\src\runner\general_settings.cpp" line="108" col="16" msg="decomposition declarations are incompatible with C++ standards before C++17" />
 <error level="warning" id="warn_cxx98_compat_auto_type_specifier" file="D:\New folder (2)\PowerToys-1\src\runner\general_settings.cpp" line="108" col="10" msg="&apos;auto&apos; type specifier is incompatible with C++98" />
 <error level="warning" id="warn_cxx98_compat_for_range" file="D:\New folder (2)\PowerToys-1\src\runner\general_settings.cpp" line="108" col="33" msg="range-based for loop is incompatible with C++98" />
 <error level="error" id="err_no_member" file="D:\New folder (2)\PowerToys-1\src\runner\general_settings.cpp" line="122" col="54" msg="no member named &apos;JsonValueType&apos; in namespace &apos;json&apos;" />
 <error level="error" id="err_template_instantiate_undefined" file="D:\New folder (2)\PowerToys-1\src\runner\general_settings.cpp" line="127" col="13" msg="implicit instantiation of undefined template &apos;std::future&lt;void&gt;&apos;" />
 <error level="warning" id="warn_cxx98_compat_auto_type_specifier" file="D:\New folder (2)\PowerToys-1\src\runner\general_settings.cpp" line="162" col="20" msg="&apos;auto&apos; type specifier is incompatible with C++98" />
 <error level="warning" id="warn_cxx98_compat_for_range" file="D:\New folder (2)\PowerToys-1\src\runner\general_settings.cpp" line="162" col="42" msg="range-based for loop is incompatible with C++98" />
 <error level="warning" id="warn_cxx98_compat_auto_type_specifier" file="D:\New folder (2)\PowerToys-1\src\runner\general_settings.cpp" line="164" col="19" msg="&apos;auto&apos; type specifier is incompatible with C++98" />
 <error level="error" id="err_no_member" file="D:\New folder (2)\PowerToys-1\src\runner\general_settings.cpp" line="165" col="44" msg="no member named &apos;JsonValueType&apos; in namespace &apos;json&apos;" />
 <error level="warning" id="warn_cxx98_compat_generalized_initializer_lists" file="D:\New folder (2)\PowerToys-1\src\runner\general_settings.cpp" line="169" col="36" msg="generalized initializer lists are incompatible with C++98" />
 <error level="error" id="err_no_member" file="D:\New folder (2)\PowerToys-1\src\runner\general_settings.cpp" line="192" col="52" msg="no member named &apos;JsonValueType&apos; in namespace &apos;json&apos;" />
 <error level="warning" id="warn_cxx98_compat_auto_type_specifier" file="D:\New folder (2)\PowerToys-1\src\runner\general_settings.cpp" line="213" col="24" msg="&apos;auto&apos; type specifier is incompatible with C++98" />
 <error level="warning" id="warn_cxx98_compat_for_range" file="D:\New folder (2)\PowerToys-1\src\runner\general_settings.cpp" line="213" col="47" msg="range-based for loop is incompatible with C++98" />
 <error level="warning" id="warn_cxx14_compat_decomp_decl" file="D:\New folder (2)\PowerToys-1\src\runner\general_settings.cpp" line="228" col="20" msg="decomposition declarations are incompatible with C++ standards before C++17" />
 <error level="warning" id="warn_cxx98_compat_auto_type_specifier" file="D:\New folder (2)\PowerToys-1\src\runner\general_settings.cpp" line="228" col="14" msg="&apos;auto&apos; type specifier is incompatible with C++98" />
 <error level="warning" id="warn_cxx98_compat_for_range" file="D:\New folder (2)\PowerToys-1\src\runner\general_settings.cpp" line="228" col="37" msg="range-based for loop is incompatible with C++98" />
 <error level="warning" id="warn_cxx14_compat_decomp_decl" file="D:\New folder (2)\PowerToys-1\src\runner\general_settings.cpp" line="235" col="20" msg="decomposition declarations are incompatible with C++ standards before C++17" />
 <error level="warning" id="warn_cxx98_compat_auto_type_specifier" file="D:\New folder (2)\PowerToys-1\src\runner\general_settings.cpp" line="235" col="14" msg="&apos;auto&apos; type specifier is incompatible with C++98" />
 <error level="warning" id="warn_cxx98_compat_for_range" file="D:\New folder (2)\PowerToys-1\src\runner\general_settings.cpp" line="235" col="37" msg="range-based for loop is incompatible with C++98" />
</log>