<log>
 <error level="error" id="err_pp_file_not_found" file="D:\New folder (2)\PowerToys-1\src\runner/pch.h" line="2" col="10" msg="&apos;winrt/base.h&apos; file not found" />
 <error level="error" id="err_pp_file_not_found" file="D:\New folder (2)\PowerToys-1\src\runner/pch.h" line="4" col="10" msg="&apos;dxgi1_3.h&apos; file not found" />
 <error level="error" id="err_pp_file_not_found" file="D:\New folder (2)\PowerToys-1\src\runner/pch.h" line="5" col="10" msg="&apos;d3d11_2.h&apos; file not found" />
 <error level="error" id="err_pp_file_not_found" file="D:\New folder (2)\PowerToys-1\src\runner/pch.h" line="6" col="10" msg="&apos;d2d1_3.h&apos; file not found" />
 <error level="error" id="err_pp_file_not_found" file="D:\New folder (2)\PowerToys-1\src\runner/pch.h" line="7" col="10" msg="&apos;d2d1_3helper.h&apos; file not found" />
 <error level="error" id="err_pp_file_not_found" file="D:\New folder (2)\PowerToys-1\src\runner/pch.h" line="8" col="10" msg="&apos;d2d1helper.h&apos; file not found" />
 <error level="error" id="err_pp_file_not_found" file="D:\New folder (2)\PowerToys-1\src\runner/pch.h" line="9" col="10" msg="&apos;dwrite.h&apos; file not found" />
 <error level="error" id="err_pp_file_not_found" file="D:\New folder (2)\PowerToys-1\src\runner/pch.h" line="10" col="10" msg="&apos;dcomp.h&apos; file not found" />
 <error level="error" id="err_pp_file_not_found" file="D:\New folder (2)\PowerToys-1\src\runner/pch.h" line="11" col="10" msg="&apos;dwmapi.h&apos; file not found" />
 <error level="error" id="err_pp_file_not_found" file="D:\New folder (2)\PowerToys-1\src\common\Telemetry\ProjectTelemetry.h" line="3" col="10" msg="&apos;TraceLoggingProvider.h&apos; file not found" />
 <error level="error" id="err_pp_file_not_found" file="D:\New folder (2)\PowerToys-1\src\runner/pch.h" line="27" col="10" msg="&apos;winrt/Windows.ApplicationModel.h&apos; file not found" />
 <error level="error" id="err_pp_file_not_found" file="D:\New folder (2)\PowerToys-1\src\runner/pch.h" line="28" col="10" msg="&apos;winrt/Windows.Storage.h&apos; file not found" />
 <error level="error" id="err_pp_file_not_found" file="D:\New folder (2)\PowerToys-1\packages\Microsoft.Windows.ImplementationLibrary.1.0.190716.2\include\wil/common.h" line="88" col="10" msg="&apos;sal.h&apos; file not found" />
 <error level="error" id="err_pp_file_not_found" file="D:\New folder (2)\PowerToys-1\packages\Microsoft.Windows.ImplementationLibrary.1.0.190716.2\include\wil/result_macros.h" line="123" col="10" msg="&apos;strsafe.h&apos; file not found" />
 <error level="error" id="err_pp_file_not_found" file="D:\New folder (2)\PowerToys-1\packages\Microsoft.Windows.ImplementationLibrary.1.0.190716.2\include\wil/result_macros.h" line="124" col="10" msg="&apos;intrin.h&apos; file not found" />
 <error level="error" id="err_pp_file_not_found" file="D:\New folder (2)\PowerToys-1\packages\Microsoft.Windows.ImplementationLibrary.1.0.190716.2\include\wil/result_macros.h" line="125" col="10" msg="&apos;new.h&apos; file not found" />
 <error level="error" id="err_pp_file_not_found" file="D:\New folder (2)\PowerToys-1\packages\Microsoft.Windows.ImplementationLibrary.1.0.190716.2\include\wil/wistd_functional.h" line="40" col="10" msg="&apos;intrin.h&apos; file not found" />
 <error level="error" id="err_pp_file_not_found" file="D:\New folder (2)\PowerToys-1\packages\Microsoft.Windows.ImplementationLibrary.1.0.190716.2\include\wil/wistd_functional.h" line="41" col="10" msg="&apos;new.h&apos; file not found" />
 <error level="warning" id="warn_doc_tparam_not_found" file="D:\New folder (2)\PowerToys-1\packages\Microsoft.Windows.ImplementationLibrary.1.0.190716.2\include\wil/resource.h" line="908" col="13" msg="template parameter &apos;ValueType:&apos; not found in the template declaration" />
 <error level="warning" id="warn_doc_tparam_not_found" file="D:\New folder (2)\PowerToys-1\packages\Microsoft.Windows.ImplementationLibrary.1.0.190716.2\include\wil/resource.h" line="909" col="13" msg="template parameter &apos;ArrayDeleter:&apos; not found in the template declaration" />
 <error level="warning" id="warn_doc_tparam_not_found" file="D:\New folder (2)\PowerToys-1\packages\Microsoft.Windows.ImplementationLibrary.1.0.190716.2\include\wil/resource.h" line="910" col="13" msg="template parameter &apos;ElementDeleter:&apos; not found in the template declaration" />
 <error level="error" id="err_pp_file_not_found" file="D:\New folder (2)\PowerToys-1\src\common/json.h" line="3" col="10" msg="&apos;winrt/Windows.Foundation.h&apos; file not found" />
 <error level="error" id="err_pp_file_not_found" file="D:\New folder (2)\PowerToys-1\src\common/json.h" line="4" col="10" msg="&apos;winrt/Windows.Data.Json.h&apos; file not found" />
 <error level="error" id="err_missing_type_specifier" file="D:\New folder (2)\PowerToys-1\src\runner\trace.cpp" line="6" col="1" msg="C++ requires a type specifier for all declarations" />
 <error level="warning" id="warn_unused_expr" file="D:\New folder (2)\PowerToys-1\src\runner\trace.cpp" line="10" col="6" msg="expression result unused" />
 <error level="warning" id="warn_comma_operator" file="D:\New folder (2)\PowerToys-1\src\runner\trace.cpp" line="10" col="16" msg="possible misuse of comma operator here" />
 <error level="warning" id="warn_unused_expr" file="D:\New folder (2)\PowerToys-1\src\runner\trace.cpp" line="10" col="18" msg="expression result unused" />
 <error level="warning" id="warn_comma_operator" file="D:\New folder (2)\PowerToys-1\src\runner\trace.cpp" line="10" col="24" msg="possible misuse of comma operator here" />
 <error level="warning" id="warn_unused_expr" file="D:\New folder (2)\PowerToys-1\src\runner\trace.cpp" line="10" col="26" msg="expression result unused" />
 <error level="warning" id="warn_comma_operator" file="D:\New folder (2)\PowerToys-1\src\runner\trace.cpp" line="10" col="32" msg="possible misuse of comma operator here" />
 <error level="warning" id="warn_unused_expr" file="D:\New folder (2)\PowerToys-1\src\runner\trace.cpp" line="10" col="34" msg="expression result unused" />
 <error level="warning" id="warn_comma_operator" file="D:\New folder (2)\PowerToys-1\src\runner\trace.cpp" line="10" col="38" msg="possible misuse of comma operator here" />
 <error level="warning" id="warn_unused_expr" file="D:\New folder (2)\PowerToys-1\src\runner\trace.cpp" line="10" col="40" msg="expression result unused" />
 <error level="warning" id="warn_comma_operator" file="D:\New folder (2)\PowerToys-1\src\runner\trace.cpp" line="10" col="44" msg="possible misuse of comma operator here" />
 <error level="warning" id="warn_unused_expr" file="D:\New folder (2)\PowerToys-1\src\runner\trace.cpp" line="10" col="46" msg="expression result unused" />
 <error level="warning" id="warn_comma_operator" file="D:\New folder (2)\PowerToys-1\src\runner\trace.cpp" line="10" col="50" msg="possible misuse of comma operator here" />
 <error level="warning" id="warn_unused_expr" file="D:\New folder (2)\PowerToys-1\src\runner\trace.cpp" line="10" col="52" msg="expression result unused" />
 <error level="warning" id="warn_comma_operator" file="D:\New folder (2)\PowerToys-1\src\runner\trace.cpp" line="10" col="56" msg="possible misuse of comma operator here" />
 <error level="warning" id="warn_unused_expr" file="D:\New folder (2)\PowerToys-1\src\runner\trace.cpp" line="10" col="58" msg="expression result unused" />
 <error level="warning" id="warn_comma_operator" file="D:\New folder (2)\PowerToys-1\src\runner\trace.cpp" line="10" col="62" msg="possible misuse of comma operator here" />
 <error level="warning" id="warn_unused_expr" file="D:\New folder (2)\PowerToys-1\src\runner\trace.cpp" line="10" col="64" msg="expression result unused" />
 <error level="warning" id="warn_comma_operator" file="D:\New folder (2)\PowerToys-1\src\runner\trace.cpp" line="10" col="68" msg="possible misuse of comma operator here" />
 <error level="warning" id="warn_unused_expr" file="D:\New folder (2)\PowerToys-1\src\runner\trace.cpp" line="10" col="70" msg="expression result unused" />
 <error level="warning" id="warn_comma_operator" file="D:\New folder (2)\PowerToys-1\src\runner\trace.cpp" line="10" col="74" msg="possible misuse of comma operator here" />
 <error level="error" id="err_undeclared_var_use" file="D:\New folder (2)\PowerToys-1\src\runner\trace.cpp" line="11" col="5" msg="use of undeclared identifier &apos;TraceLoggingOptionGroup&apos;" />
 <error level="error" id="err_undeclared_var_use" file="D:\New folder (2)\PowerToys-1\src\runner\trace.cpp" line="28" col="9" msg="use of undeclared identifier &apos;TraceLoggingWideString&apos;" />
 <error level="error" id="err_undeclared_var_use" file="D:\New folder (2)\PowerToys-1\src\runner\trace.cpp" line="29" col="9" msg="use of undeclared identifier &apos;TraceLoggingBoolean&apos;" />
 <error level="error" id="err_undeclared_var_use" file="D:\New folder (2)\PowerToys-1\src\runner\trace.cpp" line="30" col="9" msg="use of undeclared identifier &apos;TraceLoggingUInt64&apos;" />
 <error level="error" id="err_undeclared_var_use" file="D:\New folder (2)\PowerToys-1\src\runner\trace.cpp" line="31" col="9" msg="use of undeclared identifier &apos;TraceLoggingBoolean&apos;" />
 <error level="error" id="err_undeclared_var_use" file="D:\New folder (2)\PowerToys-1\src\runner\trace.cpp" line="32" col="9" msg="use of undeclared identifier &apos;TraceLoggingKeyword&apos;" />
 <error level="warning" id="warn_cxx14_compat_decomp_decl" file="D:\New folder (2)\PowerToys-1\src\runner\trace.cpp" line="38" col="22" msg="decomposition declarations are incompatible with C++ standards before C++17" />
 <error level="warning" id="warn_cxx98_compat_auto_type_specifier" file="D:\New folder (2)\PowerToys-1\src\runner\trace.cpp" line="38" col="16" msg="&apos;auto&apos; type specifier is incompatible with C++98" />
 <error level="warning" id="warn_cxx98_compat_for_range" file="D:\New folder (2)\PowerToys-1\src\runner\trace.cpp" line="38" col="40" msg="range-based for loop is incompatible with C++98" />
 <error level="error" id="err_undeclared_var_use" file="D:\New folder (2)\PowerToys-1\src\runner\trace.cpp" line="54" col="9" msg="use of undeclared identifier &apos;TraceLoggingBoolean&apos;" />
 <error level="error" id="err_undeclared_var_use" file="D:\New folder (2)\PowerToys-1\src\runner\trace.cpp" line="55" col="9" msg="use of undeclared identifier &apos;TraceLoggingWideString&apos;" />
 <error level="error" id="err_undeclared_var_use" file="D:\New folder (2)\PowerToys-1\src\runner\trace.cpp" line="56" col="9" msg="use of undeclared identifier &apos;TraceLoggingWideString&apos;" />
 <error level="error" id="err_undeclared_var_use" file="D:\New folder (2)\PowerToys-1\src\runner\trace.cpp" line="57" col="9" msg="use of undeclared identifier &apos;TraceLoggingBoolean&apos;" />
 <error level="error" id="err_undeclared_var_use" file="D:\New folder (2)\PowerToys-1\src\runner\trace.cpp" line="58" col="9" msg="use of undeclared identifier &apos;TraceLoggingBoolean&apos;" />
 <error level="error" id="err_undeclared_var_use" file="D:\New folder (2)\PowerToys-1\src\runner\trace.cpp" line="59" col="9" msg="use of undeclared identifier &apos;TraceLoggingWideString&apos;" />
 <error level="error" id="err_undeclared_var_use" file="D:\New folder (2)\PowerToys-1\src\runner\trace.cpp" line="60" col="9" msg="use of undeclared identifier &apos;TraceLoggingUInt64&apos;" />
 <error level="error" id="err_undeclared_var_use" file="D:\New folder (2)\PowerToys-1\src\runner\trace.cpp" line="61" col="9" msg="use of undeclared identifier &apos;TraceLoggingBoolean&apos;" />
 <error level="error" id="err_undeclared_var_use" file="D:\New folder (2)\PowerToys-1\src\runner\trace.cpp" line="62" col="9" msg="use of undeclared identifier &apos;TraceLoggingKeyword&apos;" />
</log>