<log>
 <error level="error" id="err_pp_file_not_found" file="D:\New folder (2)\PowerToys-1\src\runner/pch.h" line="2" col="10" msg="&apos;winrt/base.h&apos; file not found" />
 <error level="error" id="err_pp_file_not_found" file="D:\New folder (2)\PowerToys-1\src\runner/pch.h" line="4" col="10" msg="&apos;dxgi1_3.h&apos; file not found" />
 <error level="error" id="err_pp_file_not_found" file="D:\New folder (2)\PowerToys-1\src\runner/pch.h" line="5" col="10" msg="&apos;d3d11_2.h&apos; file not found" />
 <error level="error" id="err_pp_file_not_found" file="D:\New folder (2)\PowerToys-1\src\runner/pch.h" line="6" col="10" msg="&apos;d2d1_3.h&apos; file not found" />
 <error level="error" id="err_pp_file_not_found" file="D:\New folder (2)\PowerToys-1\src\runner/pch.h" line="7" col="10" msg="&apos;d2d1_3helper.h&apos; file not found" />
 <error level="error" id="err_pp_file_not_found" file="D:\New folder (2)\PowerToys-1\src\runner/pch.h" line="8" col="10" msg="&apos;d2d1helper.h&apos; file not found" />
 <error level="error" id="err_pp_file_not_found" file="D:\New folder (2)\PowerToys-1\src\runner/pch.h" line="9" col="10" msg="&apos;dwrite.h&apos; file not found" />
 <error level="error" id="err_pp_file_not_found" file="D:\New folder (2)\PowerToys-1\src\runner/pch.h" line="10" col="10" msg="&apos;dcomp.h&apos; file not found" />
 <error level="error" id="err_pp_file_not_found" file="D:\New folder (2)\PowerToys-1\src\runner/pch.h" line="11" col="10" msg="&apos;dwmapi.h&apos; file not found" />
 <error level="error" id="err_pp_file_not_found" file="D:\New folder (2)\PowerToys-1\src\common\Telemetry\ProjectTelemetry.h" line="3" col="10" msg="&apos;TraceLoggingProvider.h&apos; file not found" />
 <error level="error" id="err_pp_file_not_found" file="D:\New folder (2)\PowerToys-1\src\runner/pch.h" line="27" col="10" msg="&apos;winrt/Windows.ApplicationModel.h&apos; file not found" />
 <error level="error" id="err_pp_file_not_found" file="D:\New folder (2)\PowerToys-1\src\runner/pch.h" line="28" col="10" msg="&apos;winrt/Windows.Storage.h&apos; file not found" />
 <error level="error" id="err_pp_file_not_found" file="D:\New folder (2)\PowerToys-1\packages\Microsoft.Windows.ImplementationLibrary.1.0.190716.2\include\wil/common.h" line="88" col="10" msg="&apos;sal.h&apos; file not found" />
 <error level="error" id="err_pp_file_not_found" file="D:\New folder (2)\PowerToys-1\packages\Microsoft.Windows.ImplementationLibrary.1.0.190716.2\include\wil/result_macros.h" line="123" col="10" msg="&apos;strsafe.h&apos; file not found" />
 <error level="error" id="err_pp_file_not_found" file="D:\New folder (2)\PowerToys-1\packages\Microsoft.Windows.ImplementationLibrary.1.0.190716.2\include\wil/result_macros.h" line="124" col="10" msg="&apos;intrin.h&apos; file not found" />
 <error level="error" id="err_pp_file_not_found" file="D:\New folder (2)\PowerToys-1\packages\Microsoft.Windows.ImplementationLibrary.1.0.190716.2\include\wil/result_macros.h" line="125" col="10" msg="&apos;new.h&apos; file not found" />
 <error level="error" id="err_pp_file_not_found" file="D:\New folder (2)\PowerToys-1\packages\Microsoft.Windows.ImplementationLibrary.1.0.190716.2\include\wil/wistd_functional.h" line="40" col="10" msg="&apos;intrin.h&apos; file not found" />
 <error level="error" id="err_pp_file_not_found" file="D:\New folder (2)\PowerToys-1\packages\Microsoft.Windows.ImplementationLibrary.1.0.190716.2\include\wil/wistd_functional.h" line="41" col="10" msg="&apos;new.h&apos; file not found" />
 <error level="warning" id="warn_doc_tparam_not_found" file="D:\New folder (2)\PowerToys-1\packages\Microsoft.Windows.ImplementationLibrary.1.0.190716.2\include\wil/resource.h" line="908" col="13" msg="template parameter &apos;ValueType:&apos; not found in the template declaration" />
 <error level="warning" id="warn_doc_tparam_not_found" file="D:\New folder (2)\PowerToys-1\packages\Microsoft.Windows.ImplementationLibrary.1.0.190716.2\include\wil/resource.h" line="909" col="13" msg="template parameter &apos;ArrayDeleter:&apos; not found in the template declaration" />
 <error level="warning" id="warn_doc_tparam_not_found" file="D:\New folder (2)\PowerToys-1\packages\Microsoft.Windows.ImplementationLibrary.1.0.190716.2\include\wil/resource.h" line="910" col="13" msg="template parameter &apos;ElementDeleter:&apos; not found in the template declaration" />
 <error level="error" id="err_pp_file_not_found" file="D:\New folder (2)\PowerToys-1\src\common/timeutil.h" line="8" col="10" msg="&apos;winrt/base.h&apos; file not found" />
 <error level="error" id="err_pp_file_not_found" file="D:\New folder (2)\PowerToys-1\src\common/updating/updating.h" line="8" col="10" msg="&apos;winrt/Windows.Foundation.h&apos; file not found" />
 <error level="error" id="err_pp_file_not_found" file="D:\New folder (2)\PowerToys-1\src\common/json.h" line="3" col="10" msg="&apos;winrt/Windows.Foundation.h&apos; file not found" />
 <error level="error" id="err_pp_file_not_found" file="D:\New folder (2)\PowerToys-1\src\common/json.h" line="4" col="10" msg="&apos;winrt/Windows.Data.Json.h&apos; file not found" />
 <error level="error" id="err_pp_file_not_found" file="D:\New folder (2)\PowerToys-1\src\runner\update_utils.cpp" line="11" col="10" msg="&apos;winrt/Windows.Web.Http.h&apos; file not found" />
 <error level="error" id="err_pp_file_not_found" file="D:\New folder (2)\PowerToys-1\src\runner\update_utils.cpp" line="12" col="10" msg="&apos;winrt/Windows.Web.Http.Headers.h&apos; file not found" />
 <error level="warning" id="warn_cxx98_compat_auto_type_specifier" file="D:\New folder (2)\PowerToys-1\src\runner\update_utils.cpp" line="16" col="11" msg="&apos;auto&apos; type specifier is incompatible with C++98" />
 <error level="warning" id="warn_cxx98_compat_auto_type_specifier" file="D:\New folder (2)\PowerToys-1\src\runner\update_utils.cpp" line="29" col="5" msg="&apos;auto&apos; type specifier is incompatible with C++98" />
 <error level="warning" id="warn_cxx98_compat_auto_type_specifier" file="D:\New folder (2)\PowerToys-1\src\runner\update_utils.cpp" line="44" col="9" msg="&apos;auto&apos; type specifier is incompatible with C++98" />
 <error level="error" id="err_undeclared_var_use" file="D:\New folder (2)\PowerToys-1\src\runner\update_utils.cpp" line="53" col="46" msg="use of undeclared identifier &apos;max&apos;" />
 <error level="error" id="err_no_member" file="D:\New folder (2)\PowerToys-1\src\runner\update_utils.cpp" line="56" col="14" msg="no member named &apos;this_thread&apos; in namespace &apos;std&apos;" />
 <error level="error" id="err_template_instantiate_undefined" file="D:\New folder (2)\PowerToys-1\src\runner\update_utils.cpp" line="60" col="13" msg="implicit instantiation of undefined template &apos;std::future&lt;void&gt;&apos;" />
 <error level="warning" id="warn_cxx98_compat_lambda" file="D:\New folder (2)\PowerToys-1\src\runner\update_utils.cpp" line="66" col="28" msg="lambda expressions are incompatible with C++98" />
 <error level="warning" id="warn_decl_shadow_uncaptured_local" file="D:\New folder (2)\PowerToys-1\src\runner\update_utils.cpp" line="66" col="44" msg="declaration shadows a local variable" />
 <error level="warning" id="warn_cxx98_compat_auto_type_specifier" file="D:\New folder (2)\PowerToys-1\src\runner\update_utils.cpp" line="76" col="9" msg="&apos;auto&apos; type specifier is incompatible with C++98" />
 <error level="warning" id="warn_cxx98_compat_lambda" file="D:\New folder (2)\PowerToys-1\src\runner\update_utils.cpp" line="79" col="32" msg="lambda expressions are incompatible with C++98" />
</log>