<log>
 <error level="error" id="err_pp_file_not_found" file="D:\New folder (2)\PowerToys-1\src\common\UnitTests-CommonLib/pch.h" line="12" col="10" msg="&apos;winrt\base.h&apos; file not found" />
 <error level="error" id="err_pp_file_not_found" file="D:\New folder (2)\PowerToys-1\src\common\UnitTests-CommonLib/pch.h" line="14" col="10" msg="&apos;CppUnitTest.h&apos; file not found" />
 <error level="error" id="err_pp_file_not_found" file="D:\New folder (2)\PowerToys-1\src\common/json.h" line="3" col="10" msg="&apos;winrt/Windows.Foundation.h&apos; file not found" />
 <error level="error" id="err_pp_file_not_found" file="D:\New folder (2)\PowerToys-1\src\common/json.h" line="4" col="10" msg="&apos;winrt/Windows.Data.Json.h&apos; file not found" />
 <error level="error" id="err_undeclared_var_use" file="D:\New folder (2)\PowerToys-1\src\common\UnitTests-CommonLib\Settings.Tests.cpp" line="6" col="17" msg="use of undeclared identifier &apos;Microsoft&apos;" />
 <error level="warning" id="warn_cxx98_compat_auto_type_specifier" file="D:\New folder (2)\PowerToys-1\src\common\UnitTests-CommonLib\Settings.Tests.cpp" line="13" col="9" msg="&apos;auto&apos; type specifier is incompatible with C++98" />
 <error level="warning" id="warn_cxx98_compat_auto_type_specifier" file="D:\New folder (2)\PowerToys-1\src\common\UnitTests-CommonLib\Settings.Tests.cpp" line="16" col="19" msg="&apos;auto&apos; type specifier is incompatible with C++98" />
 <error level="error" id="err_undeclared_var_use" file="D:\New folder (2)\PowerToys-1\src\common\UnitTests-CommonLib\Settings.Tests.cpp" line="17" col="13" msg="use of undeclared identifier &apos;Assert&apos;" />
 <error level="error" id="err_undeclared_var_use_suggest" file="D:\New folder (2)\PowerToys-1\src\common\UnitTests-CommonLib\Settings.Tests.cpp" line="24" col="34" msg="use of undeclared identifier &apos;expectedJson&apos;; did you mean &apos;expected&apos;?" />
 <error level="error" id="err_expected_semi_after_expr" file="D:\New folder (2)\PowerToys-1\src\common\UnitTests-CommonLib\Settings.Tests.cpp" line="24" col="33" msg="expected &apos;;&apos; after expression" />
 <error level="error" id="err_no_member" file="D:\New folder (2)\PowerToys-1\src\common\UnitTests-CommonLib\Settings.Tests.cpp" line="24" col="23" msg="no member named &apos;JsonObject&apos; in namespace &apos;json&apos;" />
 <error level="error" id="err_no_member" file="D:\New folder (2)\PowerToys-1\src\common\UnitTests-CommonLib\Settings.Tests.cpp" line="25" col="27" msg="no member named &apos;JsonObject&apos; in namespace &apos;json&apos;" />
 <error level="error" id="err_undeclared_var_use" file="D:\New folder (2)\PowerToys-1\src\common\UnitTests-CommonLib\Settings.Tests.cpp" line="25" col="69" msg="use of undeclared identifier &apos;expectedJson&apos;" />
 <error level="error" id="err_no_member" file="D:\New folder (2)\PowerToys-1\src\common\UnitTests-CommonLib\Settings.Tests.cpp" line="28" col="31" msg="no member named &apos;JsonObject&apos; in namespace &apos;json&apos;" />
 <error level="error" id="err_undeclared_var_use" file="D:\New folder (2)\PowerToys-1\src\common\UnitTests-CommonLib\Settings.Tests.cpp" line="30" col="38" msg="use of undeclared identifier &apos;expectedJson&apos;" />
 <error level="error" id="err_undeclared_var_use" file="D:\New folder (2)\PowerToys-1\src\common\UnitTests-CommonLib\Settings.Tests.cpp" line="34" col="25" msg="use of undeclared identifier &apos;Assert&apos;" />
 <error level="error" id="err_undeclared_var_use" file="D:\New folder (2)\PowerToys-1\src\common\UnitTests-CommonLib\Settings.Tests.cpp" line="39" col="21" msg="use of undeclared identifier &apos;Assert&apos;" />
 <error level="error" id="err_undeclared_var_use" file="D:\New folder (2)\PowerToys-1\src\common\UnitTests-CommonLib\Settings.Tests.cpp" line="44" col="17" msg="use of undeclared identifier &apos;Assert&apos;" />
 <error level="warning" id="warn_redundant_parens_around_declarator" file="D:\New folder (2)\PowerToys-1\src\common\UnitTests-CommonLib\Settings.Tests.cpp" line="51" col="16" msg="redundant parentheses surrounding declarator" />
 <error level="warning" id="warn_cxx98_compat_generalized_initializer_lists" file="D:\New folder (2)\PowerToys-1\src\common\UnitTests-CommonLib\Settings.Tests.cpp" line="52" col="5" msg="generalized initializer lists are incompatible with C++98" />
 <error level="error" id="err_expected_expression" file="D:\New folder (2)\PowerToys-1\src\common\UnitTests-CommonLib\Settings.Tests.cpp" line="53" col="5" msg="expected expression" />
 <error level="warning" id="warn_redundant_parens_around_declarator" file="D:\New folder (2)\PowerToys-1\src\common\UnitTests-CommonLib\Settings.Tests.cpp" line="264" col="16" msg="redundant parentheses surrounding declarator" />
 <error level="warning" id="warn_cxx98_compat_generalized_initializer_lists" file="D:\New folder (2)\PowerToys-1\src\common\UnitTests-CommonLib\Settings.Tests.cpp" line="265" col="5" msg="generalized initializer lists are incompatible with C++98" />
 <error level="error" id="err_expected_expression" file="D:\New folder (2)\PowerToys-1\src\common\UnitTests-CommonLib\Settings.Tests.cpp" line="266" col="5" msg="expected expression" />
 <error level="warning" id="warn_redundant_parens_around_declarator" file="D:\New folder (2)\PowerToys-1\src\common\UnitTests-CommonLib\Settings.Tests.cpp" line="622" col="16" msg="redundant parentheses surrounding declarator" />
 <error level="warning" id="warn_cxx98_compat_generalized_initializer_lists" file="D:\New folder (2)\PowerToys-1\src\common\UnitTests-CommonLib\Settings.Tests.cpp" line="623" col="5" msg="generalized initializer lists are incompatible with C++98" />
 <error level="error" id="err_expected_expression" file="D:\New folder (2)\PowerToys-1\src\common\UnitTests-CommonLib\Settings.Tests.cpp" line="624" col="5" msg="expected expression" />
 <error level="warning" id="warn_redundant_parens_around_declarator" file="D:\New folder (2)\PowerToys-1\src\common\UnitTests-CommonLib\Settings.Tests.cpp" line="640" col="16" msg="redundant parentheses surrounding declarator" />
 <error level="warning" id="warn_cxx98_compat_generalized_initializer_lists" file="D:\New folder (2)\PowerToys-1\src\common\UnitTests-CommonLib\Settings.Tests.cpp" line="641" col="5" msg="generalized initializer lists are incompatible with C++98" />
 <error level="error" id="err_expected_expression" file="D:\New folder (2)\PowerToys-1\src\common\UnitTests-CommonLib\Settings.Tests.cpp" line="642" col="5" msg="expected expression" />
</log>